# JRE version: OpenJDK Runtime Environment (7.0_79-b14) (build 1.7.0_79-b14)
# Java VM: OpenJDK 64-Bit Server VM (24.79-b02 mixed mode linux-amd64 compressed oops)
Heap
 PSYoungGen      total 108032K, used 13804K [0x00000007d7080000, 0x00000007deb80000, 0x0000000800000000)
  eden space 94208K, 0% used [0x00000007d7080000,0x00000007d7080000,0x00000007dcc80000)
  from space 13824K, 99% used [0x00000007dcc80000,0x00000007dd9fb158,0x00000007dda00000)
  to   space 9728K, 0% used [0x00000007dda00000,0x00000007dda00000,0x00000007de380000)
 ParOldGen       total 83456K, used 70161K [0x0000000785200000, 0x000000078a380000, 0x00000007d7080000)
  object space 83456K, 84% used [0x0000000785200000,0x00000007896844a8,0x000000078a380000)
 PSPermGen       total 21504K, used 19038K [0x000000077ac00000, 0x000000077c100000, 0x0000000785200000)
  object space 21504K, 88% used [0x000000077ac00000,0x000000077be97a98,0x000000077c100000)
GC Heap History (10 events):
Event: 5.150 GC heap after
Heap after GC invocations=6 (full 0):
 PSYoungGen      total 37888K, used 6528K [0x00000007d7080000, 0x00000007dbc80000, 0x0000000800000000)
  eden space 30720K, 0% used [0x00000007d7080000,0x00000007d7080000,0x00000007d8e80000)
  from space 7168K, 91% used [0x00000007d9600000,0x00000007d9c60000,0x00000007d9d00000)
  to   space 7680K, 0% used [0x00000007d8e80000,0x00000007d8e80000,0x00000007d9600000)
 ParOldGen       total 83456K, used 3251K [0x0000000785200000, 0x000000078a380000, 0x00000007d7080000)
  object space 83456K, 3% used [0x0000000785200000,0x000000078552cfa8,0x000000078a380000)
 PSPermGen       total 21504K, used 13310K [0x000000077ac00000, 0x000000077c100000, 0x0000000785200000)
  object space 21504K, 61% used [0x000000077ac00000,0x000000077b8ff900,0x000000077c100000)
}
Event: 5.507 GC heap before
{Heap before GC invocations=7 (full 0):
 PSYoungGen      total 37888K, used 37248K [0x00000007d7080000, 0x00000007dbc80000, 0x0000000800000000)
  eden space 30720K, 100% used [0x00000007d7080000,0x00000007d8e80000,0x00000007d8e80000)
  from space 7168K, 91% used [0x00000007d9600000,0x00000007d9c60000,0x00000007d9d00000)
  to   space 7680K, 0% used [0x00000007d8e80000,0x00000007d8e80000,0x00000007d9600000)
 ParOldGen       total 83456K, used 3251K [0x0000000785200000, 0x000000078a380000, 0x00000007d7080000)
  object space 83456K, 3% used [0x0000000785200000,0x000000078552cfa8,0x000000078a380000)
 PSPermGen       total 21504K, used 13655K [0x000000077ac00000, 0x000000077c100000, 0x0000000785200000)
  object space 21504K, 63% used [0x000000077ac00000,0x000000077b955f40,0x000000077c100000)
Event: 5.517 GC heap after
Heap after GC invocations=7 (full 0):
 PSYoungGen      total 38400K, used 6080K [0x00000007d7080000, 0x00000007dbb80000, 0x0000000800000000)
  eden space 30720K, 0% used [0x00000007d7080000,0x00000007d7080000,0x00000007d8e80000)
  from space 7680K, 79% used [0x00000007d8e80000,0x00000007d9470000,0x00000007d9600000)
  to   space 7680K, 0% used [0x00000007db400000,0x00000007db400000,0x00000007dbb80000)
 ParOldGen       total 83456K, used 5497K [0x0000000785200000, 0x000000078a380000, 0x00000007d7080000)
  object space 83456K, 6% used [0x0000000785200000,0x000000078575e7e8,0x000000078a380000)
 PSPermGen       total 21504K, used 13655K [0x000000077ac00000, 0x000000077c100000, 0x0000000785200000)
  object space 21504K, 63% used [0x000000077ac00000,0x000000077b955f40,0x000000077c100000)
}
Event: 5.836 GC heap before
{Heap before GC invocations=8 (full 0):
 PSYoungGen      total 38400K, used 36800K [0x00000007d7080000, 0x00000007dbb80000, 0x0000000800000000)
  eden space 30720K, 100% used [0x00000007d7080000,0x00000007d8e80000,0x00000007d8e80000)
  from space 7680K, 79% used [0x00000007d8e80000,0x00000007d9470000,0x00000007d9600000)
  to   space 7680K, 0% used [0x00000007db400000,0x00000007db400000,0x00000007dbb80000)
 ParOldGen       total 83456K, used 5497K [0x0000000785200000, 0x000000078a380000, 0x00000007d7080000)
  object space 83456K, 6% used [0x0000000785200000,0x000000078575e7e8,0x000000078a380000)
 PSPermGen       total 21504K, used 14350K [0x000000077ac00000, 0x000000077c100000, 0x0000000785200000)
  object space 21504K, 66% used [0x000000077ac00000,0x000000077ba03990,0x000000077c100000)
Event: 5.850 GC heap after
Heap after GC invocations=8 (full 0):
 PSYoungGen      total 69120K, used 4629K [0x00000007d7080000, 0x00000007dbb80000, 0x0000000800000000)
  eden space 61440K, 0% used [0x00000007d7080000,0x00000007d7080000,0x00000007dac80000)
  from space 7680K, 60% used [0x00000007db400000,0x00000007db8857d8,0x00000007dbb80000)
  to   space 7680K, 0% used [0x00000007dac80000,0x00000007dac80000,0x00000007db400000)
 ParOldGen       total 83456K, used 7841K [0x0000000785200000, 0x000000078a380000, 0x00000007d7080000)
  object space 83456K, 9% used [0x0000000785200000,0x00000007859a87e8,0x000000078a380000)
 PSPermGen       total 21504K, used 14350K [0x000000077ac00000, 0x000000077c100000, 0x0000000785200000)
  object space 21504K, 66% used [0x000000077ac00000,0x000000077ba03990,0x000000077c100000)
}
Event: 6.811 GC heap before
{Heap before GC invocations=9 (full 0):
 PSYoungGen      total 69120K, used 66069K [0x00000007d7080000, 0x00000007dbb80000, 0x0000000800000000)
  eden space 61440K, 100% used [0x00000007d7080000,0x00000007dac80000,0x00000007dac80000)
  from space 7680K, 60% used [0x00000007db400000,0x00000007db8857d8,0x00000007dbb80000)
  to   space 7680K, 0% used [0x00000007dac80000,0x00000007dac80000,0x00000007db400000)
 ParOldGen       total 83456K, used 7841K [0x0000000785200000, 0x000000078a380000, 0x00000007d7080000)
  object space 83456K, 9% used [0x0000000785200000,0x00000007859a87e8,0x000000078a380000)
 PSPermGen       total 21504K, used 17789K [0x000000077ac00000, 0x000000077c100000, 0x0000000785200000)
  object space 21504K, 82% used [0x000000077ac00000,0x000000077bd5f430,0x000000077c100000)
Event: 6.850 GC heap after
Heap after GC invocations=9 (full 0):
 PSYoungGen      total 69120K, used 7651K [0x00000007d7080000, 0x00000007de380000, 0x0000000800000000)
  eden space 61440K, 0% used [0x00000007d7080000,0x00000007d7080000,0x00000007dac80000)
  from space 7680K, 99% used [0x00000007dac80000,0x00000007db3f8ed8,0x00000007db400000)
  to   space 9728K, 0% used [0x00000007dda00000,0x00000007dda00000,0x00000007de380000)
 ParOldGen       total 83456K, used 11246K [0x0000000785200000, 0x000000078a380000, 0x00000007d7080000)
  object space 83456K, 13% used [0x0000000785200000,0x0000000785cfb898,0x000000078a380000)
 PSPermGen       total 21504K, used 17789K [0x000000077ac00000, 0x000000077c100000, 0x0000000785200000)
  object space 21504K, 82% used [0x000000077ac00000,0x000000077bd5f430,0x000000077c100000)
}
Event: 8.752 GC heap before
{Heap before GC invocations=10 (full 0):
 PSYoungGen      total 69120K, used 69091K [0x00000007d7080000, 0x00000007de380000, 0x0000000800000000)
  eden space 61440K, 100% used [0x00000007d7080000,0x00000007dac80000,0x00000007dac80000)
  from space 7680K, 99% used [0x00000007dac80000,0x00000007db3f8ed8,0x00000007db400000)
  to   space 9728K, 0% used [0x00000007dda00000,0x00000007dda00000,0x00000007de380000)
 ParOldGen       total 83456K, used 11246K [0x0000000785200000, 0x000000078a380000, 0x00000007d7080000)
  object space 83456K, 13% used [0x0000000785200000,0x0000000785cfb898,0x000000078a380000)
 PSPermGen       total 21504K, used 18995K [0x000000077ac00000, 0x000000077c100000, 0x0000000785200000)
  object space 21504K, 88% used [0x000000077ac00000,0x000000077be8ce58,0x000000077c100000)
Event: 8.859 GC heap after
Heap after GC invocations=10 (full 0):
 PSYoungGen      total 103936K, used 9711K [0x00000007d7080000, 0x00000007deb80000, 0x0000000800000000)
  eden space 94208K, 0% used [0x00000007d7080000,0x00000007d7080000,0x00000007dcc80000)
  from space 9728K, 99% used [0x00000007dda00000,0x00000007de37bd08,0x00000007de380000)
  to   space 13824K, 0% used [0x00000007dcc80000,0x00000007dcc80000,0x00000007dda00000)
 ParOldGen       total 83456K, used 20455K [0x0000000785200000, 0x000000078a380000, 0x00000007d7080000)
  object space 83456K, 24% used [0x0000000785200000,0x00000007865f9c48,0x000000078a380000)
 PSPermGen       total 21504K, used 18995K [0x000000077ac00000, 0x000000077c100000, 0x0000000785200000)
  object space 21504K, 88% used [0x000000077ac00000,0x000000077be8ce58,0x000000077c100000)
}
Event: 13.475 GC heap before
{Heap before GC invocations=11 (full 0):
 PSYoungGen      total 103936K, used 103919K [0x00000007d7080000, 0x00000007deb80000, 0x0000000800000000)
  eden space 94208K, 100% used [0x00000007d7080000,0x00000007dcc80000,0x00000007dcc80000)
  from space 9728K, 99% used [0x00000007dda00000,0x00000007de37bd08,0x00000007de380000)
  to   space 13824K, 0% used [0x00000007dcc80000,0x00000007dcc80000,0x00000007dda00000)
 ParOldGen       total 83456K, used 20455K [0x0000000785200000, 0x000000078a380000, 0x00000007d7080000)
  object space 83456K, 24% used [0x0000000785200000,0x00000007865f9c48,0x000000078a380000)
 PSPermGen       total 21504K, used 19038K [0x000000077ac00000, 0x000000077c100000, 0x0000000785200000)
  object space 21504K, 88% used [0x000000077ac00000,0x000000077be97a98,0x000000077c100000)

