# JRE version: OpenJDK Runtime Environment (7.0_121) (build 1.7.0_121-b00)
# Java VM: OpenJDK 64-Bit Server VM (24.121-b00 mixed mode linux-amd64 compressed oops)
Heap
 PSYoungGen      total 169984K, used 13257K [0x00000007d6e00000, 0x00000007e6e00000, 0x0000000800000000)
  eden space 111616K, 0% used [0x00000007d6e00000,0x00000007d6e00000,0x00000007ddb00000)
  from space 58368K, 22% used [0x00000007ddb00000,0x00000007de7f2698,0x00000007e1400000)
  to   space 58368K, 0% used [0x00000007e3500000,0x00000007e3500000,0x00000007e6e00000)
 ParOldGen       total 169472K, used 169350K [0x0000000784a00000, 0x000000078ef80000, 0x00000007d6e00000)
  object space 169472K, 99% used [0x0000000784a00000,0x000000078ef61af0,0x000000078ef80000)
 PSPermGen       total 36864K, used 19401K [0x000000077a400000, 0x000000077c800000, 0x0000000784a00000)
  object space 36864K, 52% used [0x000000077a400000,0x000000077b6f2670,0x000000077c800000)
GC Heap History (10 events):
Event: 14.109 GC heap after
Heap after GC invocations=10 (full 0):
 PSYoungGen      total 96768K, used 9704K [0x00000007d6e00000, 0x00000007dfd00000, 0x0000000800000000)
  eden space 87040K, 0% used [0x00000007d6e00000,0x00000007d6e00000,0x00000007dc300000)
  from space 9728K, 99% used [0x00000007dd980000,0x00000007de2fa3f0,0x00000007de300000)
  to   space 23040K, 0% used [0x00000007dc300000,0x00000007dc300000,0x00000007dd980000)
 ParOldGen       total 83968K, used 45811K [0x0000000784a00000, 0x0000000789c00000, 0x00000007d6e00000)
  object space 83968K, 54% used [0x0000000784a00000,0x00000007876bcc90,0x0000000789c00000)
 PSPermGen       total 21504K, used 18375K [0x000000077a400000, 0x000000077b900000, 0x0000000784a00000)
  object space 21504K, 85% used [0x000000077a400000,0x000000077b5f1cb0,0x000000077b900000)
}
Event: 16.444 GC heap before
{Heap before GC invocations=11 (full 0):
 PSYoungGen      total 96768K, used 96744K [0x00000007d6e00000, 0x00000007dfd00000, 0x0000000800000000)
  eden space 87040K, 100% used [0x00000007d6e00000,0x00000007dc300000,0x00000007dc300000)
  from space 9728K, 99% used [0x00000007dd980000,0x00000007de2fa3f0,0x00000007de300000)
  to   space 23040K, 0% used [0x00000007dc300000,0x00000007dc300000,0x00000007dd980000)
 ParOldGen       total 83968K, used 45811K [0x0000000784a00000, 0x0000000789c00000, 0x00000007d6e00000)
  object space 83968K, 54% used [0x0000000784a00000,0x00000007876bcc90,0x0000000789c00000)
 PSPermGen       total 21504K, used 18397K [0x000000077a400000, 0x000000077b900000, 0x0000000784a00000)
  object space 21504K, 85% used [0x000000077a400000,0x000000077b5f7718,0x000000077b900000)
Event: 16.538 GC heap after
Heap after GC invocations=11 (full 0):
 PSYoungGen      total 110080K, used 23029K [0x00000007d6e00000, 0x00000007e4a00000, 0x0000000800000000)
  eden space 87040K, 0% used [0x00000007d6e00000,0x00000007d6e00000,0x00000007dc300000)
  from space 23040K, 99% used [0x00000007dc300000,0x00000007dd97d678,0x00000007dd980000)
  to   space 43008K, 0% used [0x00000007e2000000,0x00000007e2000000,0x00000007e4a00000)
 ParOldGen       total 90112K, used 89630K [0x0000000784a00000, 0x000000078a200000, 0x00000007d6e00000)
  object space 90112K, 99% used [0x0000000784a00000,0x000000078a187810,0x000000078a200000)
 PSPermGen       total 21504K, used 18397K [0x000000077a400000, 0x000000077b900000, 0x0000000784a00000)
  object space 21504K, 85% used [0x000000077a400000,0x000000077b5f7718,0x000000077b900000)
}
Event: 16.538 GC heap before
{Heap before GC invocations=12 (full 1):
 PSYoungGen      total 110080K, used 23029K [0x00000007d6e00000, 0x00000007e4a00000, 0x0000000800000000)
  eden space 87040K, 0% used [0x00000007d6e00000,0x00000007d6e00000,0x00000007dc300000)
  from space 23040K, 99% used [0x00000007dc300000,0x00000007dd97d678,0x00000007dd980000)
  to   space 43008K, 0% used [0x00000007e2000000,0x00000007e2000000,0x00000007e4a00000)
 ParOldGen       total 90112K, used 89630K [0x0000000784a00000, 0x000000078a200000, 0x00000007d6e00000)
  object space 90112K, 99% used [0x0000000784a00000,0x000000078a187810,0x000000078a200000)
 PSPermGen       total 21504K, used 18397K [0x000000077a400000, 0x000000077b900000, 0x0000000784a00000)
  object space 21504K, 85% used [0x000000077a400000,0x000000077b5f7718,0x000000077b900000)
Event: 17.064 GC heap after
Heap after GC invocations=12 (full 1):
 PSYoungGen      total 110080K, used 16260K [0x00000007d6e00000, 0x00000007e4a00000, 0x0000000800000000)
  eden space 87040K, 0% used [0x00000007d6e00000,0x00000007d6e00000,0x00000007dc300000)
  from space 23040K, 70% used [0x00000007dc300000,0x00000007dd2e1238,0x00000007dd980000)
  to   space 43008K, 0% used [0x00000007e2000000,0x00000007e2000000,0x00000007e4a00000)
 ParOldGen       total 169472K, used 89662K [0x0000000784a00000, 0x000000078ef80000, 0x00000007d6e00000)
  object space 169472K, 52% used [0x0000000784a00000,0x000000078a18fb80,0x000000078ef80000)
 PSPermGen       total 36864K, used 18385K [0x000000077a400000, 0x000000077c800000, 0x0000000784a00000)
  object space 36864K, 49% used [0x000000077a400000,0x000000077b5f46d8,0x000000077c800000)
}
Event: 19.704 GC heap before
{Heap before GC invocations=13 (full 1):
 PSYoungGen      total 110080K, used 103300K [0x00000007d6e00000, 0x00000007e4a00000, 0x0000000800000000)
  eden space 87040K, 100% used [0x00000007d6e00000,0x00000007dc300000,0x00000007dc300000)
  from space 23040K, 70% used [0x00000007dc300000,0x00000007dd2e1238,0x00000007dd980000)
  to   space 43008K, 0% used [0x00000007e2000000,0x00000007e2000000,0x00000007e4a00000)
 ParOldGen       total 169472K, used 89662K [0x0000000784a00000, 0x000000078ef80000, 0x00000007d6e00000)
  object space 169472K, 52% used [0x0000000784a00000,0x000000078a18fb80,0x000000078ef80000)
 PSPermGen       total 36864K, used 18607K [0x000000077a400000, 0x000000077c800000, 0x0000000784a00000)
  object space 36864K, 50% used [0x000000077a400000,0x000000077b62bf98,0x000000077c800000)
Event: 19.813 GC heap after
Heap after GC invocations=13 (full 1):
 PSYoungGen      total 154624K, used 42982K [0x00000007d6e00000, 0x00000007e4d00000, 0x0000000800000000)
  eden space 111616K, 0% used [0x00000007d6e00000,0x00000007d6e00000,0x00000007ddb00000)
  from space 43008K, 99% used [0x00000007e2000000,0x00000007e49f9b88,0x00000007e4a00000)
  to   space 58368K, 0% used [0x00000007ddb00000,0x00000007ddb00000,0x00000007e1400000)
 ParOldGen       total 169472K, used 111677K [0x0000000784a00000, 0x000000078ef80000, 0x00000007d6e00000)
  object space 169472K, 65% used [0x0000000784a00000,0x000000078b70f500,0x000000078ef80000)
 PSPermGen       total 36864K, used 18607K [0x000000077a400000, 0x000000077c800000, 0x0000000784a00000)
  object space 36864K, 50% used [0x000000077a400000,0x000000077b62bf98,0x000000077c800000)
}
Event: 23.349 GC heap before
{Heap before GC invocations=14 (full 1):
 PSYoungGen      total 154624K, used 154598K [0x00000007d6e00000, 0x00000007e4d00000, 0x0000000800000000)
  eden space 111616K, 100% used [0x00000007d6e00000,0x00000007ddb00000,0x00000007ddb00000)
  from space 43008K, 99% used [0x00000007e2000000,0x00000007e49f9b88,0x00000007e4a00000)
  to   space 58368K, 0% used [0x00000007ddb00000,0x00000007ddb00000,0x00000007e1400000)
 ParOldGen       total 169472K, used 111677K [0x0000000784a00000, 0x000000078ef80000, 0x00000007d6e00000)
  object space 169472K, 65% used [0x0000000784a00000,0x000000078b70f500,0x000000078ef80000)
 PSPermGen       total 36864K, used 19405K [0x000000077a400000, 0x000000077c800000, 0x0000000784a00000)
  object space 36864K, 52% used [0x000000077a400000,0x000000077b6f35b0,0x000000077c800000)
Event: 23.508 GC heap after
Heap after GC invocations=14 (full 1):
 PSYoungGen      total 169984K, used 31158K [0x00000007d6e00000, 0x00000007e6e00000, 0x0000000800000000)
  eden space 111616K, 0% used [0x00000007d6e00000,0x00000007d6e00000,0x00000007ddb00000)
  from space 58368K, 53% used [0x00000007ddb00000,0x00000007df96da08,0x00000007e1400000)
  to   space 58368K, 0% used [0x00000007e3500000,0x00000007e3500000,0x00000007e6e00000)
 ParOldGen       total 169472K, used 153842K [0x0000000784a00000, 0x000000078ef80000, 0x00000007d6e00000)
  object space 169472K, 90% used [0x0000000784a00000,0x000000078e03c948,0x000000078ef80000)
 PSPermGen       total 36864K, used 19405K [0x000000077a400000, 0x000000077c800000, 0x0000000784a00000)
  object space 36864K, 52% used [0x000000077a400000,0x000000077b6f35b0,0x000000077c800000)
}
Event: 23.509 GC heap before
{Heap before GC invocations=15 (full 2):
 PSYoungGen      total 169984K, used 31158K [0x00000007d6e00000, 0x00000007e6e00000, 0x0000000800000000)
  eden space 111616K, 0% used [0x00000007d6e00000,0x00000007d6e00000,0x00000007ddb00000)
  from space 58368K, 53% used [0x00000007ddb00000,0x00000007df96da08,0x00000007e1400000)
  to   space 58368K, 0% used [0x00000007e3500000,0x00000007e3500000,0x00000007e6e00000)
 ParOldGen       total 169472K, used 153842K [0x0000000784a00000, 0x000000078ef80000, 0x00000007d6e00000)
  object space 169472K, 90% used [0x0000000784a00000,0x000000078e03c948,0x000000078ef80000)
 PSPermGen       total 36864K, used 19405K [0x000000077a400000, 0x000000077c800000, 0x0000000784a00000)
  object space 36864K, 52% used [0x000000077a400000,0x000000077b6f35b0,0x000000077c800000)

