# JRE version: OpenJDK Runtime Environment OpenLogic-OpenJDK (11.0.24+8) (build 11.0.24+8-adhoc..jdk11u)
# Java VM: OpenJDK 64-Bit Server VM OpenLogic-OpenJDK (11.0.24+8-adhoc..jdk11u, mixed mode, tiered, compressed oops, g1 gc, windows-amd64)
Heap:
 garbage-first heap   total 965632K, used 301432K [0x0000000704c00000, 0x0000000800000000)
  region size 1024K, 5 young (5120K), 5 survivors (5120K)
 Metaspace       used 35118K, capacity 35846K, committed 36096K, reserved 1081344K
  class space    used 3496K, capacity 3759K, committed 3840K, reserved 1048576K
GC Heap History (20 events):
Event: 3.827 GC heap after
{Heap after GC invocations=8 (full 0):
 garbage-first heap   total 310272K, used 96256K [0x0000000704c00000, 0x0000000800000000)
  region size 1024K, 12 young (12288K), 12 survivors (12288K)
 Metaspace       used 30594K, capacity 31121K, committed 31360K, reserved 1077248K
  class space    used 3186K, capacity 3377K, committed 3456K, reserved 1048576K
}
Event: 4.119 GC heap before
{Heap before GC invocations=8 (full 0):
 garbage-first heap   total 310272K, used 184320K [0x0000000704c00000, 0x0000000800000000)
  region size 1024K, 93 young (95232K), 12 survivors (12288K)
 Metaspace       used 30620K, capacity 31185K, committed 31360K, reserved 1077248K
  class space    used 3186K, capacity 3377K, committed 3456K, reserved 1048576K
}
Event: 4.141 GC heap after
{Heap after GC invocations=9 (full 0):
 garbage-first heap   total 310272K, used 128000K [0x0000000704c00000, 0x0000000800000000)
  region size 1024K, 12 young (12288K), 12 survivors (12288K)
 Metaspace       used 30620K, capacity 31185K, committed 31360K, reserved 1077248K
  class space    used 3186K, capacity 3377K, committed 3456K, reserved 1048576K
}
Event: 4.375 GC heap before
{Heap before GC invocations=9 (full 0):
 garbage-first heap   total 310272K, used 205824K [0x0000000704c00000, 0x0000000800000000)
  region size 1024K, 84 young (86016K), 12 survivors (12288K)
 Metaspace       used 30625K, capacity 31185K, committed 31360K, reserved 1077248K
  class space    used 3186K, capacity 3377K, committed 3456K, reserved 1048576K
}
Event: 4.394 GC heap after
{Heap after GC invocations=10 (full 0):
 garbage-first heap   total 421888K, used 155136K [0x0000000704c00000, 0x0000000800000000)
  region size 1024K, 11 young (11264K), 11 survivors (11264K)
 Metaspace       used 30625K, capacity 31185K, committed 31360K, reserved 1077248K
  class space    used 3186K, capacity 3377K, committed 3456K, reserved 1048576K
}
Event: 4.776 GC heap before
{Heap before GC invocations=10 (full 0):
 garbage-first heap   total 421888K, used 286208K [0x0000000704c00000, 0x0000000800000000)
  region size 1024K, 109 young (111616K), 11 survivors (11264K)
 Metaspace       used 30632K, capacity 31185K, committed 31360K, reserved 1077248K
  class space    used 3186K, capacity 3377K, committed 3456K, reserved 1048576K
}
Event: 4.807 GC heap after
{Heap after GC invocations=11 (full 0):
 garbage-first heap   total 421888K, used 202240K [0x0000000704c00000, 0x0000000800000000)
  region size 1024K, 14 young (14336K), 14 survivors (14336K)
 Metaspace       used 30632K, capacity 31185K, committed 31360K, reserved 1077248K
  class space    used 3186K, capacity 3377K, committed 3456K, reserved 1048576K
}
Event: 4.886 GC heap before
{Heap before GC invocations=11 (full 0):
 garbage-first heap   total 421888K, used 228864K [0x0000000704c00000, 0x0000000800000000)
  region size 1024K, 41 young (41984K), 14 survivors (14336K)
 Metaspace       used 30633K, capacity 31185K, committed 31360K, reserved 1077248K
  class space    used 3186K, capacity 3377K, committed 3456K, reserved 1048576K
}
Event: 4.900 GC heap after
{Heap after GC invocations=12 (full 0):
 garbage-first heap   total 421888K, used 214094K [0x0000000704c00000, 0x0000000800000000)
  region size 1024K, 10 young (10240K), 10 survivors (10240K)
 Metaspace       used 30633K, capacity 31185K, committed 31360K, reserved 1077248K
  class space    used 3186K, capacity 3377K, committed 3456K, reserved 1048576K
}
Event: 5.205 GC heap before
{Heap before GC invocations=13 (full 0):
 garbage-first heap   total 421888K, used 265294K [0x0000000704c00000, 0x0000000800000000)
  region size 1024K, 61 young (62464K), 10 survivors (10240K)
 Metaspace       used 31224K, capacity 31757K, committed 31872K, reserved 1077248K
  class space    used 3228K, capacity 3418K, committed 3456K, reserved 1048576K
}
Event: 5.220 GC heap after
{Heap after GC invocations=14 (full 0):
 garbage-first heap   total 421888K, used 231820K [0x0000000704c00000, 0x0000000800000000)
  region size 1024K, 10 young (10240K), 10 survivors (10240K)
 Metaspace       used 31224K, capacity 31757K, committed 31872K, reserved 1077248K
  class space    used 3228K, capacity 3418K, committed 3456K, reserved 1048576K
}
Event: 5.778 GC heap before
{Heap before GC invocations=15 (full 0):
 garbage-first heap   total 421888K, used 299404K [0x0000000704c00000, 0x0000000800000000)
  region size 1024K, 74 young (75776K), 10 survivors (10240K)
 Metaspace       used 32196K, capacity 32793K, committed 33024K, reserved 1079296K
  class space    used 3285K, capacity 3477K, committed 3584K, reserved 1048576K
}
Event: 5.792 GC heap after
{Heap after GC invocations=16 (full 0):
 garbage-first heap   total 576512K, used 249206K [0x0000000704c00000, 0x0000000800000000)
  region size 1024K, 10 young (10240K), 10 survivors (10240K)
 Metaspace       used 32196K, capacity 32793K, committed 33024K, reserved 1079296K
  class space    used 3285K, capacity 3477K, committed 3584K, reserved 1048576K
}
Event: 6.283 GC heap before
{Heap before GC invocations=16 (full 0):
 garbage-first heap   total 576512K, used 362870K [0x0000000704c00000, 0x0000000800000000)
  region size 1024K, 118 young (120832K), 10 survivors (10240K)
 Metaspace       used 32366K, capacity 33009K, committed 33280K, reserved 1079296K
  class space    used 3291K, capacity 3482K, committed 3584K, reserved 1048576K
}
Event: 6.312 GC heap after
{Heap after GC invocations=17 (full 0):
 garbage-first heap   total 576512K, used 266240K [0x0000000704c00000, 0x0000000800000000)
  region size 1024K, 15 young (15360K), 15 survivors (15360K)
 Metaspace       used 32366K, capacity 33009K, committed 33280K, reserved 1079296K
  class space    used 3291K, capacity 3482K, committed 3584K, reserved 1048576K
}
Event: 6.729 GC heap before
{Heap before GC invocations=17 (full 0):
 garbage-first heap   total 576512K, used 379904K [0x0000000704c00000, 0x0000000800000000)
  region size 1024K, 126 young (129024K), 15 survivors (15360K)
 Metaspace       used 32431K, capacity 33019K, committed 33280K, reserved 1079296K
  class space    used 3293K, capacity 3485K, committed 3584K, reserved 1048576K
}
Event: 6.763 GC heap after
{Heap after GC invocations=18 (full 0):
 garbage-first heap   total 576512K, used 284465K [0x0000000704c00000, 0x0000000800000000)
  region size 1024K, 16 young (16384K), 16 survivors (16384K)
 Metaspace       used 32431K, capacity 33019K, committed 33280K, reserved 1079296K
  class space    used 3293K, capacity 3485K, committed 3584K, reserved 1048576K
}
Event: 7.098 GC heap before
{Heap before GC invocations=18 (full 0):
 garbage-first heap   total 576512K, used 399153K [0x0000000704c00000, 0x0000000800000000)
  region size 1024K, 128 young (131072K), 16 survivors (16384K)
 Metaspace       used 32711K, capacity 33297K, committed 33536K, reserved 1079296K
  class space    used 3307K, capacity 3489K, committed 3584K, reserved 1048576K
}
Event: 7.132 GC heap after
{Heap after GC invocations=19 (full 0):
 garbage-first heap   total 576512K, used 302080K [0x0000000704c00000, 0x0000000800000000)
  region size 1024K, 16 young (16384K), 16 survivors (16384K)
 Metaspace       used 32711K, capacity 33297K, committed 33536K, reserved 1079296K
  class space    used 3307K, capacity 3489K, committed 3584K, reserved 1048576K
}
Event: 8.153 GC heap before
{Heap before GC invocations=20 (full 0):
 garbage-first heap   total 576512K, used 411648K [0x0000000704c00000, 0x0000000800000000)
  region size 1024K, 128 young (131072K), 16 survivors (16384K)
 Metaspace       used 35118K, capacity 35846K, committed 36096K, reserved 1081344K
  class space    used 3496K, capacity 3759K, committed 3840K, reserved 1048576K
}

