# JRE version: OpenJDK Runtime Environment (7.0_79-b14) (build 1.7.0_79-b14)
# Java VM: OpenJDK 64-Bit Server VM (24.79-b02 mixed mode linux-amd64 compressed oops)
Heap
 PSYoungGen      total 342528K, used 4781K [0x00000007d7080000, 0x00000007f7400000, 0x0000000800000000)
  eden space 254976K, 0% used [0x00000007d7080000,0x00000007d7080000,0x00000007e6980000)
  from space 87552K, 5% used [0x00000007ed880000,0x00000007edd2b458,0x00000007f2e00000)
  to   space 113664K, 0% used [0x00000007e6980000,0x00000007e6980000,0x00000007ed880000)
 ParOldGen       total 190976K, used 190918K [0x0000000785200000, 0x0000000790c80000, 0x00000007d7080000)
  object space 190976K, 99% used [0x0000000785200000,0x0000000790c71b70,0x0000000790c80000)
 PSPermGen       total 38400K, used 30387K [0x000000077ac00000, 0x000000077d180000, 0x0000000785200000)
  object space 38400K, 79% used [0x000000077ac00000,0x000000077c9acef0,0x000000077d180000)
GC Heap History (10 events):
Event: 10.172 GC heap after
Heap after GC invocations=7 (full 0):
 PSYoungGen      total 135168K, used 9208K [0x00000007d7080000, 0x00000007ea780000, 0x0000000800000000)
  eden space 125952K, 0% used [0x00000007d7080000,0x00000007d7080000,0x00000007deb80000)
  from space 9216K, 99% used [0x00000007deb80000,0x00000007df47e3c8,0x00000007df480000)
  to   space 33280K, 0% used [0x00000007e8700000,0x00000007e8700000,0x00000007ea780000)
 ParOldGen       total 83456K, used 50804K [0x0000000785200000, 0x000000078a380000, 0x00000007d7080000)
  object space 83456K, 60% used [0x0000000785200000,0x000000078839d3d0,0x000000078a380000)
 PSPermGen       total 21504K, used 18959K [0x000000077ac00000, 0x000000077c100000, 0x0000000785200000)
  object space 21504K, 88% used [0x000000077ac00000,0x000000077be83fd0,0x000000077c100000)
}
Event: 11.476 GC heap before
{Heap before GC invocations=8 (full 0):
 PSYoungGen      total 135168K, used 135160K [0x00000007d7080000, 0x00000007ea780000, 0x0000000800000000)
  eden space 125952K, 100% used [0x00000007d7080000,0x00000007deb80000,0x00000007deb80000)
  from space 9216K, 99% used [0x00000007deb80000,0x00000007df47e3c8,0x00000007df480000)
  to   space 33280K, 0% used [0x00000007e8700000,0x00000007e8700000,0x00000007ea780000)
 ParOldGen       total 83456K, used 50804K [0x0000000785200000, 0x000000078a380000, 0x00000007d7080000)
  object space 83456K, 60% used [0x0000000785200000,0x000000078839d3d0,0x000000078a380000)
 PSPermGen       total 21504K, used 18984K [0x000000077ac00000, 0x000000077c100000, 0x0000000785200000)
  object space 21504K, 88% used [0x000000077ac00000,0x000000077be8a3e0,0x000000077c100000)
Event: 11.590 GC heap after
Heap after GC invocations=8 (full 0):
 PSYoungGen      total 257536K, used 33274K [0x00000007d7080000, 0x00000007edd80000, 0x0000000800000000)
  eden space 224256K, 0% used [0x00000007d7080000,0x00000007d7080000,0x00000007e4b80000)
  from space 33280K, 99% used [0x00000007e8700000,0x00000007ea77e9d0,0x00000007ea780000)
  to   space 60928K, 0% used [0x00000007e4b80000,0x00000007e4b80000,0x00000007e8700000)
 ParOldGen       total 99328K, used 99320K [0x0000000785200000, 0x000000078b300000, 0x00000007d7080000)
  object space 99328K, 99% used [0x0000000785200000,0x000000078b2fe0d8,0x000000078b300000)
 PSPermGen       total 21504K, used 18984K [0x000000077ac00000, 0x000000077c100000, 0x0000000785200000)
  object space 21504K, 88% used [0x000000077ac00000,0x000000077be8a3e0,0x000000077c100000)
}
Event: 11.590 GC heap before
{Heap before GC invocations=9 (full 1):
 PSYoungGen      total 257536K, used 33274K [0x00000007d7080000, 0x00000007edd80000, 0x0000000800000000)
  eden space 224256K, 0% used [0x00000007d7080000,0x00000007d7080000,0x00000007e4b80000)
  from space 33280K, 99% used [0x00000007e8700000,0x00000007ea77e9d0,0x00000007ea780000)
  to   space 60928K, 0% used [0x00000007e4b80000,0x00000007e4b80000,0x00000007e8700000)
 ParOldGen       total 99328K, used 99320K [0x0000000785200000, 0x000000078b300000, 0x00000007d7080000)
  object space 99328K, 99% used [0x0000000785200000,0x000000078b2fe0d8,0x000000078b300000)
 PSPermGen       total 21504K, used 18984K [0x000000077ac00000, 0x000000077c100000, 0x0000000785200000)
  object space 21504K, 88% used [0x000000077ac00000,0x000000077be8a3e0,0x000000077c100000)
Event: 12.170 GC heap after
Heap after GC invocations=9 (full 1):
 PSYoungGen      total 257536K, used 23746K [0x00000007d7080000, 0x00000007edd80000, 0x0000000800000000)
  eden space 224256K, 0% used [0x00000007d7080000,0x00000007d7080000,0x00000007e4b80000)
  from space 33280K, 71% used [0x00000007e8700000,0x00000007e9e30ba8,0x00000007ea780000)
  to   space 60928K, 0% used [0x00000007e4b80000,0x00000007e4b80000,0x00000007e8700000)
 ParOldGen       total 190976K, used 99060K [0x0000000785200000, 0x0000000790c80000, 0x00000007d7080000)
  object space 190976K, 51% used [0x0000000785200000,0x000000078b2bd1e8,0x0000000790c80000)
 PSPermGen       total 38400K, used 18975K [0x000000077ac00000, 0x000000077d180000, 0x0000000785200000)
  object space 38400K, 49% used [0x000000077ac00000,0x000000077be87c48,0x000000077d180000)
}
Event: 16.836 GC heap before
{Heap before GC invocations=10 (full 1):
 PSYoungGen      total 257536K, used 248002K [0x00000007d7080000, 0x00000007edd80000, 0x0000000800000000)
  eden space 224256K, 100% used [0x00000007d7080000,0x00000007e4b80000,0x00000007e4b80000)
  from space 33280K, 71% used [0x00000007e8700000,0x00000007e9e30ba8,0x00000007ea780000)
  to   space 60928K, 0% used [0x00000007e4b80000,0x00000007e4b80000,0x00000007e8700000)
 ParOldGen       total 190976K, used 99060K [0x0000000785200000, 0x0000000790c80000, 0x00000007d7080000)
  object space 190976K, 51% used [0x0000000785200000,0x000000078b2bd1e8,0x0000000790c80000)
 PSPermGen       total 38400K, used 29828K [0x000000077ac00000, 0x000000077d180000, 0x0000000785200000)
  object space 38400K, 77% used [0x000000077ac00000,0x000000077c921218,0x000000077d180000)
Event: 17.092 GC heap after
Heap after GC invocations=10 (full 1):
 PSYoungGen      total 285184K, used 60912K [0x00000007d7080000, 0x00000007f2e00000, 0x0000000800000000)
  eden space 224256K, 0% used [0x00000007d7080000,0x00000007d7080000,0x00000007e4b80000)
  from space 60928K, 99% used [0x00000007e4b80000,0x00000007e86fc0b0,0x00000007e8700000)
  to   space 87552K, 0% used [0x00000007ed880000,0x00000007ed880000,0x00000007f2e00000)
 ParOldGen       total 190976K, used 136615K [0x0000000785200000, 0x0000000790c80000, 0x00000007d7080000)
  object space 190976K, 71% used [0x0000000785200000,0x000000078d769f70,0x0000000790c80000)
 PSPermGen       total 38400K, used 29828K [0x000000077ac00000, 0x000000077d180000, 0x0000000785200000)
  object space 38400K, 77% used [0x000000077ac00000,0x000000077c921218,0x000000077d180000)
}
Event: 19.896 GC heap before
{Heap before GC invocations=11 (full 1):
 PSYoungGen      total 285184K, used 285168K [0x00000007d7080000, 0x00000007f2e00000, 0x0000000800000000)
  eden space 224256K, 100% used [0x00000007d7080000,0x00000007e4b80000,0x00000007e4b80000)
  from space 60928K, 99% used [0x00000007e4b80000,0x00000007e86fc0b0,0x00000007e8700000)
  to   space 87552K, 0% used [0x00000007ed880000,0x00000007ed880000,0x00000007f2e00000)
 ParOldGen       total 190976K, used 136615K [0x0000000785200000, 0x0000000790c80000, 0x00000007d7080000)
  object space 190976K, 71% used [0x0000000785200000,0x000000078d769f70,0x0000000790c80000)
 PSPermGen       total 38400K, used 30394K [0x000000077ac00000, 0x000000077d180000, 0x0000000785200000)
  object space 38400K, 79% used [0x000000077ac00000,0x000000077c9aea30,0x000000077d180000)
Event: 20.368 GC heap after
Heap after GC invocations=11 (full 1):
 PSYoungGen      total 342528K, used 87538K [0x00000007d7080000, 0x00000007f7400000, 0x0000000800000000)
  eden space 254976K, 0% used [0x00000007d7080000,0x00000007d7080000,0x00000007e6980000)
  from space 87552K, 99% used [0x00000007ed880000,0x00000007f2dfc8e0,0x00000007f2e00000)
  to   space 113664K, 0% used [0x00000007e6980000,0x00000007e6980000,0x00000007ed880000)
 ParOldGen       total 190976K, used 164013K [0x0000000785200000, 0x0000000790c80000, 0x00000007d7080000)
  object space 190976K, 85% used [0x0000000785200000,0x000000078f22b508,0x0000000790c80000)
 PSPermGen       total 38400K, used 30394K [0x000000077ac00000, 0x000000077d180000, 0x0000000785200000)
  object space 38400K, 79% used [0x000000077ac00000,0x000000077c9aea30,0x000000077d180000)
}
Event: 20.368 GC heap before
{Heap before GC invocations=12 (full 2):
 PSYoungGen      total 342528K, used 87538K [0x00000007d7080000, 0x00000007f7400000, 0x0000000800000000)
  eden space 254976K, 0% used [0x00000007d7080000,0x00000007d7080000,0x00000007e6980000)
  from space 87552K, 99% used [0x00000007ed880000,0x00000007f2dfc8e0,0x00000007f2e00000)
  to   space 113664K, 0% used [0x00000007e6980000,0x00000007e6980000,0x00000007ed880000)
 ParOldGen       total 190976K, used 164013K [0x0000000785200000, 0x0000000790c80000, 0x00000007d7080000)
  object space 190976K, 85% used [0x0000000785200000,0x000000078f22b508,0x0000000790c80000)
 PSPermGen       total 38400K, used 30394K [0x000000077ac00000, 0x000000077d180000, 0x0000000785200000)
  object space 38400K, 79% used [0x000000077ac00000,0x000000077c9aea30,0x000000077d180000)

