# JRE version: OpenJDK Runtime Environment (7.0_121) (build 1.7.0_121-b00)
# Java VM: OpenJDK 64-Bit Server VM (24.121-b00 mixed mode linux-amd64 compressed oops)
Heap
 PSYoungGen      total 179200K, used 27687K [0x00000007d6e00000, 0x00000007e7d80000, 0x0000000800000000)
  eden space 125952K, 0% used [0x00000007d6e00000,0x00000007d6e00000,0x00000007de900000)
  from space 53248K, 51% used [0x00000007de900000,0x00000007e0409c28,0x00000007e1d00000)
  to   space 57856K, 0% used [0x00000007e4500000,0x00000007e4500000,0x00000007e7d80000)
 ParOldGen       total 157184K, used 156778K [0x0000000784a00000, 0x000000078e380000, 0x00000007d6e00000)
  object space 157184K, 99% used [0x0000000784a00000,0x000000078e31a828,0x000000078e380000)
 PSPermGen       total 37376K, used 19364K [0x000000077a400000, 0x000000077c880000, 0x0000000784a00000)
  object space 37376K, 51% used [0x000000077a400000,0x000000077b6e92c8,0x000000077c880000)
GC Heap History (10 events):
Event: 12.703 GC heap after
Heap after GC invocations=10 (full 0):
 PSYoungGen      total 106496K, used 9705K [0x00000007d6e00000, 0x00000007dea00000, 0x0000000800000000)
  eden space 96768K, 0% used [0x00000007d6e00000,0x00000007d6e00000,0x00000007dcc80000)
  from space 9728K, 99% used [0x00000007dd980000,0x00000007de2fa730,0x00000007de300000)
  to   space 13312K, 0% used [0x00000007dcc80000,0x00000007dcc80000,0x00000007dd980000)
 ParOldGen       total 83968K, used 18056K [0x0000000784a00000, 0x0000000789c00000, 0x00000007d6e00000)
  object space 83968K, 21% used [0x0000000784a00000,0x0000000785ba20e0,0x0000000789c00000)
 PSPermGen       total 21504K, used 18386K [0x000000077a400000, 0x000000077b900000, 0x0000000784a00000)
  object space 21504K, 85% used [0x000000077a400000,0x000000077b5f4af8,0x000000077b900000)
}
Event: 15.455 GC heap before
{Heap before GC invocations=11 (full 0):
 PSYoungGen      total 106496K, used 106473K [0x00000007d6e00000, 0x00000007dea00000, 0x0000000800000000)
  eden space 96768K, 100% used [0x00000007d6e00000,0x00000007dcc80000,0x00000007dcc80000)
  from space 9728K, 99% used [0x00000007dd980000,0x00000007de2fa730,0x00000007de300000)
  to   space 13312K, 0% used [0x00000007dcc80000,0x00000007dcc80000,0x00000007dd980000)
 ParOldGen       total 83968K, used 18056K [0x0000000784a00000, 0x0000000789c00000, 0x00000007d6e00000)
  object space 83968K, 21% used [0x0000000784a00000,0x0000000785ba20e0,0x0000000789c00000)
 PSPermGen       total 21504K, used 18449K [0x000000077a400000, 0x000000077b900000, 0x0000000784a00000)
  object space 21504K, 85% used [0x000000077a400000,0x000000077b6045b0,0x000000077b900000)
Event: 15.569 GC heap after
Heap after GC invocations=11 (full 0):
 PSYoungGen      total 110080K, used 13304K [0x00000007d6e00000, 0x00000007e4d80000, 0x0000000800000000)
  eden space 96768K, 0% used [0x00000007d6e00000,0x00000007d6e00000,0x00000007dcc80000)
  from space 13312K, 99% used [0x00000007dcc80000,0x00000007dd97e0a8,0x00000007dd980000)
  to   space 36864K, 0% used [0x00000007e2980000,0x00000007e2980000,0x00000007e4d80000)
 ParOldGen       total 83968K, used 77605K [0x0000000784a00000, 0x0000000789c00000, 0x00000007d6e00000)
  object space 83968K, 92% used [0x0000000784a00000,0x00000007895c94b8,0x0000000789c00000)
 PSPermGen       total 21504K, used 18449K [0x000000077a400000, 0x000000077b900000, 0x0000000784a00000)
  object space 21504K, 85% used [0x000000077a400000,0x000000077b6045b0,0x000000077b900000)
}
Event: 15.569 GC heap before
{Heap before GC invocations=12 (full 1):
 PSYoungGen      total 110080K, used 13304K [0x00000007d6e00000, 0x00000007e4d80000, 0x0000000800000000)
  eden space 96768K, 0% used [0x00000007d6e00000,0x00000007d6e00000,0x00000007dcc80000)
  from space 13312K, 99% used [0x00000007dcc80000,0x00000007dd97e0a8,0x00000007dd980000)
  to   space 36864K, 0% used [0x00000007e2980000,0x00000007e2980000,0x00000007e4d80000)
 ParOldGen       total 83968K, used 77605K [0x0000000784a00000, 0x0000000789c00000, 0x00000007d6e00000)
  object space 83968K, 92% used [0x0000000784a00000,0x00000007895c94b8,0x0000000789c00000)
 PSPermGen       total 21504K, used 18449K [0x000000077a400000, 0x000000077b900000, 0x0000000784a00000)
  object space 21504K, 85% used [0x000000077a400000,0x000000077b6045b0,0x000000077b900000)
Event: 15.991 GC heap after
Heap after GC invocations=12 (full 1):
 PSYoungGen      total 110080K, used 0K [0x00000007d6e00000, 0x00000007e4d80000, 0x0000000800000000)
  eden space 96768K, 0% used [0x00000007d6e00000,0x00000007d6e00000,0x00000007dcc80000)
  from space 13312K, 0% used [0x00000007dcc80000,0x00000007dcc80000,0x00000007dd980000)
  to   space 36864K, 0% used [0x00000007e2980000,0x00000007e2980000,0x00000007e4d80000)
 ParOldGen       total 157184K, used 81998K [0x0000000784a00000, 0x000000078e380000, 0x00000007d6e00000)
  object space 157184K, 52% used [0x0000000784a00000,0x0000000789a13bb0,0x000000078e380000)
 PSPermGen       total 37376K, used 18437K [0x000000077a400000, 0x000000077c880000, 0x0000000784a00000)
  object space 37376K, 49% used [0x000000077a400000,0x000000077b601710,0x000000077c880000)
}
Event: 18.951 GC heap before
{Heap before GC invocations=13 (full 1):
 PSYoungGen      total 110080K, used 96768K [0x00000007d6e00000, 0x00000007e4d80000, 0x0000000800000000)
  eden space 96768K, 100% used [0x00000007d6e00000,0x00000007dcc80000,0x00000007dcc80000)
  from space 13312K, 0% used [0x00000007dcc80000,0x00000007dcc80000,0x00000007dd980000)
  to   space 36864K, 0% used [0x00000007e2980000,0x00000007e2980000,0x00000007e4d80000)
 ParOldGen       total 157184K, used 81998K [0x0000000784a00000, 0x000000078e380000, 0x00000007d6e00000)
  object space 157184K, 52% used [0x0000000784a00000,0x0000000789a13bb0,0x000000078e380000)
 PSPermGen       total 37376K, used 18446K [0x000000077a400000, 0x000000077c880000, 0x0000000784a00000)
  object space 37376K, 49% used [0x000000077a400000,0x000000077b603bf0,0x000000077c880000)
Event: 19.038 GC heap after
Heap after GC invocations=13 (full 1):
 PSYoungGen      total 162816K, used 36855K [0x00000007d6e00000, 0x00000007e5100000, 0x0000000800000000)
  eden space 125952K, 0% used [0x00000007d6e00000,0x00000007d6e00000,0x00000007de900000)
  from space 36864K, 99% used [0x00000007e2980000,0x00000007e4d7dff8,0x00000007e4d80000)
  to   space 53248K, 0% used [0x00000007de900000,0x00000007de900000,0x00000007e1d00000)
 ParOldGen       total 157184K, used 109416K [0x0000000784a00000, 0x000000078e380000, 0x00000007d6e00000)
  object space 157184K, 69% used [0x0000000784a00000,0x000000078b4da270,0x000000078e380000)
 PSPermGen       total 37376K, used 18446K [0x000000077a400000, 0x000000077c880000, 0x0000000784a00000)
  object space 37376K, 49% used [0x000000077a400000,0x000000077b603bf0,0x000000077c880000)
}
Event: 24.751 GC heap before
{Heap before GC invocations=14 (full 1):
 PSYoungGen      total 162816K, used 162807K [0x00000007d6e00000, 0x00000007e5100000, 0x0000000800000000)
  eden space 125952K, 100% used [0x00000007d6e00000,0x00000007de900000,0x00000007de900000)
  from space 36864K, 99% used [0x00000007e2980000,0x00000007e4d7dff8,0x00000007e4d80000)
  to   space 53248K, 0% used [0x00000007de900000,0x00000007de900000,0x00000007e1d00000)
 ParOldGen       total 157184K, used 109416K [0x0000000784a00000, 0x000000078e380000, 0x00000007d6e00000)
  object space 157184K, 69% used [0x0000000784a00000,0x000000078b4da270,0x000000078e380000)
 PSPermGen       total 37376K, used 19368K [0x000000077a400000, 0x000000077c880000, 0x0000000784a00000)
  object space 37376K, 51% used [0x000000077a400000,0x000000077b6ea1a8,0x000000077c880000)
Event: 24.860 GC heap after
Heap after GC invocations=14 (full 1):
 PSYoungGen      total 179200K, used 41076K [0x00000007d6e00000, 0x00000007e7d80000, 0x0000000800000000)
  eden space 125952K, 0% used [0x00000007d6e00000,0x00000007d6e00000,0x00000007de900000)
  from space 53248K, 77% used [0x00000007de900000,0x00000007e111d3d0,0x00000007e1d00000)
  to   space 57856K, 0% used [0x00000007e4500000,0x00000007e4500000,0x00000007e7d80000)
 ParOldGen       total 157184K, used 145588K [0x0000000784a00000, 0x000000078e380000, 0x00000007d6e00000)
  object space 157184K, 92% used [0x0000000784a00000,0x000000078d82d3d8,0x000000078e380000)
 PSPermGen       total 37376K, used 19368K [0x000000077a400000, 0x000000077c880000, 0x0000000784a00000)
  object space 37376K, 51% used [0x000000077a400000,0x000000077b6ea1a8,0x000000077c880000)
}
Event: 24.860 GC heap before
{Heap before GC invocations=15 (full 2):
 PSYoungGen      total 179200K, used 41076K [0x00000007d6e00000, 0x00000007e7d80000, 0x0000000800000000)
  eden space 125952K, 0% used [0x00000007d6e00000,0x00000007d6e00000,0x00000007de900000)
  from space 53248K, 77% used [0x00000007de900000,0x00000007e111d3d0,0x00000007e1d00000)
  to   space 57856K, 0% used [0x00000007e4500000,0x00000007e4500000,0x00000007e7d80000)
 ParOldGen       total 157184K, used 145588K [0x0000000784a00000, 0x000000078e380000, 0x00000007d6e00000)
  object space 157184K, 92% used [0x0000000784a00000,0x000000078d82d3d8,0x000000078e380000)
 PSPermGen       total 37376K, used 19368K [0x000000077a400000, 0x000000077c880000, 0x0000000784a00000)
  object space 37376K, 51% used [0x000000077a400000,0x000000077b6ea1a8,0x000000077c880000)

