# JRE version: OpenJDK Runtime Environment (7.0_121) (build 1.7.0_121-b00)
# Java VM: OpenJDK 64-Bit Server VM (24.121-b00 mixed mode linux-amd64 compressed oops)
Heap
 PSYoungGen      total 196096K, used 5092K [0x00000007d6e00000, 0x00000007e7c80000, 0x0000000800000000)
  eden space 163328K, 0% used [0x00000007d6e00000,0x00000007d6e00000,0x00000007e0d80000)
  from space 32768K, 15% used [0x00000007e5300000,0x00000007e57f9190,0x00000007e7300000)
  to   space 56832K, 0% used [0x00000007e0d80000,0x00000007e0d80000,0x00000007e4500000)
 ParOldGen       total 139776K, used 139337K [0x0000000784a00000, 0x000000078d280000, 0x00000007d6e00000)
  object space 139776K, 99% used [0x0000000784a00000,0x000000078d212458,0x000000078d280000)
 PSPermGen       total 37376K, used 18541K [0x000000077a400000, 0x000000077c880000, 0x0000000784a00000)
  object space 37376K, 49% used [0x000000077a400000,0x000000077b61b6c8,0x000000077c880000)
GC Heap History (10 events):
Event: 8.802 GC heap after
Heap after GC invocations=7 (full 0):
 PSYoungGen      total 72192K, used 7486K [0x00000007d6e00000, 0x00000007dfc00000, 0x0000000800000000)
  eden space 64512K, 0% used [0x00000007d6e00000,0x00000007d6e00000,0x00000007dad00000)
  from space 7680K, 97% used [0x00000007dad00000,0x00000007db44fb90,0x00000007db480000)
  to   space 8192K, 0% used [0x00000007df400000,0x00000007df400000,0x00000007dfc00000)
 ParOldGen       total 83968K, used 6268K [0x0000000784a00000, 0x0000000789c00000, 0x00000007d6e00000)
  object space 83968K, 7% used [0x0000000784a00000,0x000000078501f360,0x0000000789c00000)
 PSPermGen       total 21504K, used 14638K [0x000000077a400000, 0x000000077b900000, 0x0000000784a00000)
  object space 21504K, 68% used [0x000000077a400000,0x000000077b24baa0,0x000000077b900000)
}
Event: 9.718 GC heap before
{Heap before GC invocations=8 (full 0):
 PSYoungGen      total 72192K, used 71998K [0x00000007d6e00000, 0x00000007dfc00000, 0x0000000800000000)
  eden space 64512K, 100% used [0x00000007d6e00000,0x00000007dad00000,0x00000007dad00000)
  from space 7680K, 97% used [0x00000007dad00000,0x00000007db44fb90,0x00000007db480000)
  to   space 8192K, 0% used [0x00000007df400000,0x00000007df400000,0x00000007dfc00000)
 ParOldGen       total 83968K, used 6268K [0x0000000784a00000, 0x0000000789c00000, 0x00000007d6e00000)
  object space 83968K, 7% used [0x0000000784a00000,0x000000078501f360,0x0000000789c00000)
 PSPermGen       total 21504K, used 18115K [0x000000077a400000, 0x000000077b900000, 0x0000000784a00000)
  object space 21504K, 84% used [0x000000077a400000,0x000000077b5b0f10,0x000000077b900000)
Event: 9.757 GC heap after
Heap after GC invocations=8 (full 0):
 PSYoungGen      total 134144K, used 8183K [0x00000007d6e00000, 0x00000007e0200000, 0x0000000800000000)
  eden space 125952K, 0% used [0x00000007d6e00000,0x00000007d6e00000,0x00000007de900000)
  from space 8192K, 99% used [0x00000007df400000,0x00000007dfbfde98,0x00000007dfc00000)
  to   space 11264K, 0% used [0x00000007de900000,0x00000007de900000,0x00000007df400000)
 ParOldGen       total 83968K, used 11571K [0x0000000784a00000, 0x0000000789c00000, 0x00000007d6e00000)
  object space 83968K, 13% used [0x0000000784a00000,0x000000078554cd30,0x0000000789c00000)
 PSPermGen       total 21504K, used 18115K [0x000000077a400000, 0x000000077b900000, 0x0000000784a00000)
  object space 21504K, 84% used [0x000000077a400000,0x000000077b5b0f10,0x000000077b900000)
}
Event: 13.210 GC heap before
{Heap before GC invocations=9 (full 0):
 PSYoungGen      total 134144K, used 134135K [0x00000007d6e00000, 0x00000007e0200000, 0x0000000800000000)
  eden space 125952K, 100% used [0x00000007d6e00000,0x00000007de900000,0x00000007de900000)
  from space 8192K, 99% used [0x00000007df400000,0x00000007dfbfde98,0x00000007dfc00000)
  to   space 11264K, 0% used [0x00000007de900000,0x00000007de900000,0x00000007df400000)
 ParOldGen       total 83968K, used 11571K [0x0000000784a00000, 0x0000000789c00000, 0x00000007d6e00000)
  object space 83968K, 13% used [0x0000000784a00000,0x000000078554cd30,0x0000000789c00000)
 PSPermGen       total 21504K, used 18439K [0x000000077a400000, 0x000000077b900000, 0x0000000784a00000)
  object space 21504K, 85% used [0x000000077a400000,0x000000077b601e18,0x000000077b900000)
Event: 13.320 GC heap after
Heap after GC invocations=9 (full 0):
 PSYoungGen      total 137216K, used 11262K [0x00000007d6e00000, 0x00000007e7300000, 0x0000000800000000)
  eden space 125952K, 0% used [0x00000007d6e00000,0x00000007d6e00000,0x00000007de900000)
  from space 11264K, 99% used [0x00000007de900000,0x00000007df3ffa88,0x00000007df400000)
  to   space 32768K, 0% used [0x00000007e5300000,0x00000007e5300000,0x00000007e7300000)
 ParOldGen       total 83968K, used 61916K [0x0000000784a00000, 0x0000000789c00000, 0x00000007d6e00000)
  object space 83968K, 73% used [0x0000000784a00000,0x0000000788677048,0x0000000789c00000)
 PSPermGen       total 21504K, used 18439K [0x000000077a400000, 0x000000077b900000, 0x0000000784a00000)
  object space 21504K, 85% used [0x000000077a400000,0x000000077b601e18,0x000000077b900000)
}
Event: 13.320 GC heap before
{Heap before GC invocations=10 (full 1):
 PSYoungGen      total 137216K, used 11262K [0x00000007d6e00000, 0x00000007e7300000, 0x0000000800000000)
  eden space 125952K, 0% used [0x00000007d6e00000,0x00000007d6e00000,0x00000007de900000)
  from space 11264K, 99% used [0x00000007de900000,0x00000007df3ffa88,0x00000007df400000)
  to   space 32768K, 0% used [0x00000007e5300000,0x00000007e5300000,0x00000007e7300000)
 ParOldGen       total 83968K, used 61916K [0x0000000784a00000, 0x0000000789c00000, 0x00000007d6e00000)
  object space 83968K, 73% used [0x0000000784a00000,0x0000000788677048,0x0000000789c00000)
 PSPermGen       total 21504K, used 18439K [0x000000077a400000, 0x000000077b900000, 0x0000000784a00000)
  object space 21504K, 85% used [0x000000077a400000,0x000000077b601e18,0x000000077b900000)
Event: 13.688 GC heap after
Heap after GC invocations=10 (full 1):
 PSYoungGen      total 137216K, used 0K [0x00000007d6e00000, 0x00000007e7300000, 0x0000000800000000)
  eden space 125952K, 0% used [0x00000007d6e00000,0x00000007d6e00000,0x00000007de900000)
  from space 11264K, 0% used [0x00000007de900000,0x00000007de900000,0x00000007df400000)
  to   space 32768K, 0% used [0x00000007e5300000,0x00000007e5300000,0x00000007e7300000)
 ParOldGen       total 139776K, used 67110K [0x0000000784a00000, 0x000000078d280000, 0x00000007d6e00000)
  object space 139776K, 48% used [0x0000000784a00000,0x0000000788b89a20,0x000000078d280000)
 PSPermGen       total 37376K, used 18427K [0x000000077a400000, 0x000000077c880000, 0x0000000784a00000)
  object space 37376K, 49% used [0x000000077a400000,0x000000077b5feeb8,0x000000077c880000)
}
Event: 18.151 GC heap before
{Heap before GC invocations=11 (full 1):
 PSYoungGen      total 137216K, used 125161K [0x00000007d6e00000, 0x00000007e7300000, 0x0000000800000000)
  eden space 125952K, 99% used [0x00000007d6e00000,0x00000007de83a770,0x00000007de900000)
  from space 11264K, 0% used [0x00000007de900000,0x00000007de900000,0x00000007df400000)
  to   space 32768K, 0% used [0x00000007e5300000,0x00000007e5300000,0x00000007e7300000)
 ParOldGen       total 139776K, used 67110K [0x0000000784a00000, 0x000000078d280000, 0x00000007d6e00000)
  object space 139776K, 48% used [0x0000000784a00000,0x0000000788b89a20,0x000000078d280000)
 PSPermGen       total 37376K, used 18541K [0x000000077a400000, 0x000000077c880000, 0x0000000784a00000)
  object space 37376K, 49% used [0x000000077a400000,0x000000077b61b748,0x000000077c880000)
Event: 18.261 GC heap after
Heap after GC invocations=11 (full 1):
 PSYoungGen      total 196096K, used 32762K [0x00000007d6e00000, 0x00000007e7c80000, 0x0000000800000000)
  eden space 163328K, 0% used [0x00000007d6e00000,0x00000007d6e00000,0x00000007e0d80000)
  from space 32768K, 99% used [0x00000007e5300000,0x00000007e72feb80,0x00000007e7300000)
  to   space 56832K, 0% used [0x00000007e0d80000,0x00000007e0d80000,0x00000007e4500000)
 ParOldGen       total 139776K, used 116618K [0x0000000784a00000, 0x000000078d280000, 0x00000007d6e00000)
  object space 139776K, 83% used [0x0000000784a00000,0x000000078bbe2870,0x000000078d280000)
 PSPermGen       total 37376K, used 18541K [0x000000077a400000, 0x000000077c880000, 0x0000000784a00000)
  object space 37376K, 49% used [0x000000077a400000,0x000000077b61b748,0x000000077c880000)
}
Event: 18.261 GC heap before
{Heap before GC invocations=12 (full 2):
 PSYoungGen      total 196096K, used 32762K [0x00000007d6e00000, 0x00000007e7c80000, 0x0000000800000000)
  eden space 163328K, 0% used [0x00000007d6e00000,0x00000007d6e00000,0x00000007e0d80000)
  from space 32768K, 99% used [0x00000007e5300000,0x00000007e72feb80,0x00000007e7300000)
  to   space 56832K, 0% used [0x00000007e0d80000,0x00000007e0d80000,0x00000007e4500000)
 ParOldGen       total 139776K, used 116618K [0x0000000784a00000, 0x000000078d280000, 0x00000007d6e00000)
  object space 139776K, 83% used [0x0000000784a00000,0x000000078bbe2870,0x000000078d280000)
 PSPermGen       total 37376K, used 18541K [0x000000077a400000, 0x000000077c880000, 0x0000000784a00000)
  object space 37376K, 49% used [0x000000077a400000,0x000000077b61b748,0x000000077c880000)

