# JRE version: OpenJDK Runtime Environment (7.0_79-b14) (build 1.7.0_79-b14)
# Java VM: OpenJDK 64-Bit Server VM (24.79-b02 mixed mode linux-amd64 compressed oops)
Heap
 PSYoungGen      total 95744K, used 0K [0x00000007d7080000, 0x00000007e0380000, 0x0000000800000000)
  eden space 83968K, 0% used [0x00000007d7080000,0x00000007d7080000,0x00000007dc280000)
  from space 11776K, 0% used [0x00000007ddc00000,0x00000007ddc00000,0x00000007de780000)
  to   space 26112K, 64% used [0x00000007dc280000,0x00000007dd2db2a0,0x00000007ddc00000)
 ParOldGen       total 91648K, used 91212K [0x0000000785200000, 0x000000078ab80000, 0x00000007d7080000)
  object space 91648K, 99% used [0x0000000785200000,0x000000078ab13110,0x000000078ab80000)
 PSPermGen       total 21504K, used 18053K [0x000000077ac00000, 0x000000077c100000, 0x0000000785200000)
  object space 21504K, 83% used [0x000000077ac00000,0x000000077bda1408,0x000000077c100000)
GC Heap History (10 events):
Event: 5.933 GC heap after
Heap after GC invocations=7 (full 0):
 PSYoungGen      total 38400K, used 5871K [0x00000007d7080000, 0x00000007dbb80000, 0x0000000800000000)
  eden space 30720K, 0% used [0x00000007d7080000,0x00000007d7080000,0x00000007d8e80000)
  from space 7680K, 76% used [0x00000007d8e80000,0x00000007d943bc18,0x00000007d9600000)
  to   space 7680K, 0% used [0x00000007db400000,0x00000007db400000,0x00000007dbb80000)
 ParOldGen       total 83456K, used 5875K [0x0000000785200000, 0x000000078a380000, 0x00000007d7080000)
  object space 83456K, 7% used [0x0000000785200000,0x00000007857bcdf8,0x000000078a380000)
 PSPermGen       total 21504K, used 13739K [0x000000077ac00000, 0x000000077c100000, 0x0000000785200000)
  object space 21504K, 63% used [0x000000077ac00000,0x000000077b96ae00,0x000000077c100000)
}
Event: 6.432 GC heap before
{Heap before GC invocations=8 (full 0):
 PSYoungGen      total 38400K, used 36591K [0x00000007d7080000, 0x00000007dbb80000, 0x0000000800000000)
  eden space 30720K, 100% used [0x00000007d7080000,0x00000007d8e80000,0x00000007d8e80000)
  from space 7680K, 76% used [0x00000007d8e80000,0x00000007d943bc18,0x00000007d9600000)
  to   space 7680K, 0% used [0x00000007db400000,0x00000007db400000,0x00000007dbb80000)
 ParOldGen       total 83456K, used 5875K [0x0000000785200000, 0x000000078a380000, 0x00000007d7080000)
  object space 83456K, 7% used [0x0000000785200000,0x00000007857bcdf8,0x000000078a380000)
 PSPermGen       total 21504K, used 14288K [0x000000077ac00000, 0x000000077c100000, 0x0000000785200000)
  object space 21504K, 66% used [0x000000077ac00000,0x000000077b9f40d0,0x000000077c100000)
Event: 6.456 GC heap after
Heap after GC invocations=8 (full 0):
 PSYoungGen      total 69120K, used 4315K [0x00000007d7080000, 0x00000007dbb80000, 0x0000000800000000)
  eden space 61440K, 0% used [0x00000007d7080000,0x00000007d7080000,0x00000007dac80000)
  from space 7680K, 56% used [0x00000007db400000,0x00000007db836f98,0x00000007dbb80000)
  to   space 7680K, 0% used [0x00000007dac80000,0x00000007dac80000,0x00000007db400000)
 ParOldGen       total 83456K, used 8107K [0x0000000785200000, 0x000000078a380000, 0x00000007d7080000)
  object space 83456K, 9% used [0x0000000785200000,0x00000007859eadf8,0x000000078a380000)
 PSPermGen       total 21504K, used 14288K [0x000000077ac00000, 0x000000077c100000, 0x0000000785200000)
  object space 21504K, 66% used [0x000000077ac00000,0x000000077b9f40d0,0x000000077c100000)
}
Event: 7.402 GC heap before
{Heap before GC invocations=9 (full 0):
 PSYoungGen      total 69120K, used 65755K [0x00000007d7080000, 0x00000007dbb80000, 0x0000000800000000)
  eden space 61440K, 100% used [0x00000007d7080000,0x00000007dac80000,0x00000007dac80000)
  from space 7680K, 56% used [0x00000007db400000,0x00000007db836f98,0x00000007dbb80000)
  to   space 7680K, 0% used [0x00000007dac80000,0x00000007dac80000,0x00000007db400000)
 ParOldGen       total 83456K, used 8107K [0x0000000785200000, 0x000000078a380000, 0x00000007d7080000)
  object space 83456K, 9% used [0x0000000785200000,0x00000007859eadf8,0x000000078a380000)
 PSPermGen       total 21504K, used 17980K [0x000000077ac00000, 0x000000077c100000, 0x0000000785200000)
  object space 21504K, 83% used [0x000000077ac00000,0x000000077bd8f1a0,0x000000077c100000)
Event: 7.439 GC heap after
Heap after GC invocations=9 (full 0):
 PSYoungGen      total 69120K, used 7662K [0x00000007d7080000, 0x00000007de780000, 0x0000000800000000)
  eden space 61440K, 0% used [0x00000007d7080000,0x00000007d7080000,0x00000007dac80000)
  from space 7680K, 99% used [0x00000007dac80000,0x00000007db3fb910,0x00000007db400000)
  to   space 11776K, 0% used [0x00000007ddc00000,0x00000007ddc00000,0x00000007de780000)
 ParOldGen       total 83456K, used 16746K [0x0000000785200000, 0x000000078a380000, 0x00000007d7080000)
  object space 83456K, 20% used [0x0000000785200000,0x000000078625ab40,0x000000078a380000)
 PSPermGen       total 21504K, used 17980K [0x000000077ac00000, 0x000000077c100000, 0x0000000785200000)
  object space 21504K, 83% used [0x000000077ac00000,0x000000077bd8f1a0,0x000000077c100000)
}
Event: 9.417 GC heap before
{Heap before GC invocations=10 (full 0):
 PSYoungGen      total 69120K, used 69102K [0x00000007d7080000, 0x00000007de780000, 0x0000000800000000)
  eden space 61440K, 100% used [0x00000007d7080000,0x00000007dac80000,0x00000007dac80000)
  from space 7680K, 99% used [0x00000007dac80000,0x00000007db3fb910,0x00000007db400000)
  to   space 11776K, 0% used [0x00000007ddc00000,0x00000007ddc00000,0x00000007de780000)
 ParOldGen       total 83456K, used 16746K [0x0000000785200000, 0x000000078a380000, 0x00000007d7080000)
  object space 83456K, 20% used [0x0000000785200000,0x000000078625ab40,0x000000078a380000)
 PSPermGen       total 21504K, used 18047K [0x000000077ac00000, 0x000000077c100000, 0x0000000785200000)
  object space 21504K, 83% used [0x000000077ac00000,0x000000077bd9fcc0,0x000000077c100000)
Event: 9.516 GC heap after
Heap after GC invocations=10 (full 0):
 PSYoungGen      total 95744K, used 11775K [0x00000007d7080000, 0x00000007e0380000, 0x0000000800000000)
  eden space 83968K, 0% used [0x00000007d7080000,0x00000007d7080000,0x00000007dc280000)
  from space 11776K, 99% used [0x00000007ddc00000,0x00000007de77fe78,0x00000007de780000)
  to   space 26112K, 0% used [0x00000007dc280000,0x00000007dc280000,0x00000007ddc00000)
 ParOldGen       total 83456K, used 51927K [0x0000000785200000, 0x000000078a380000, 0x00000007d7080000)
  object space 83456K, 62% used [0x0000000785200000,0x00000007884b5df8,0x000000078a380000)
 PSPermGen       total 21504K, used 18047K [0x000000077ac00000, 0x000000077c100000, 0x0000000785200000)
  object space 21504K, 83% used [0x000000077ac00000,0x000000077bd9fcc0,0x000000077c100000)
}
Event: 12.026 GC heap before
{Heap before GC invocations=11 (full 0):
 PSYoungGen      total 95744K, used 95743K [0x00000007d7080000, 0x00000007e0380000, 0x0000000800000000)
  eden space 83968K, 100% used [0x00000007d7080000,0x00000007dc280000,0x00000007dc280000)
  from space 11776K, 99% used [0x00000007ddc00000,0x00000007de77fe78,0x00000007de780000)
  to   space 26112K, 0% used [0x00000007dc280000,0x00000007dc280000,0x00000007ddc00000)
 ParOldGen       total 83456K, used 51927K [0x0000000785200000, 0x000000078a380000, 0x00000007d7080000)
  object space 83456K, 62% used [0x0000000785200000,0x00000007884b5df8,0x000000078a380000)
 PSPermGen       total 21504K, used 18064K [0x000000077ac00000, 0x000000077c100000, 0x0000000785200000)
  object space 21504K, 84% used [0x000000077ac00000,0x000000077bda41e8,0x000000077c100000)
Event: 12.632 GC heap after
Heap after GC invocations=11 (full 0):
 PSYoungGen      total 95744K, used 95743K [0x00000007d7080000, 0x00000007e0380000, 0x0000000800000000)
  eden space 83968K, 100% used [0x00000007d7080000,0x00000007dc280000,0x00000007dc280000)
  from space 11776K, 99% used [0x00000007ddc00000,0x00000007de77fe78,0x00000007de780000)
  to   space 26112K, 99% used [0x00000007dc280000,0x00000007ddbfa200,0x00000007ddc00000)
 ParOldGen       total 91648K, used 91124K [0x0000000785200000, 0x000000078ab80000, 0x00000007d7080000)
  object space 91648K, 99% used [0x0000000785200000,0x000000078aafd1f8,0x000000078ab80000)
 PSPermGen       total 21504K, used 18064K [0x000000077ac00000, 0x000000077c100000, 0x0000000785200000)
  object space 21504K, 84% used [0x000000077ac00000,0x000000077bda41e8,0x000000077c100000)
}
Event: 13.295 GC heap before
{Heap before GC invocations=12 (full 1):
 PSYoungGen      total 95744K, used 95743K [0x00000007d7080000, 0x00000007e0380000, 0x0000000800000000)
  eden space 83968K, 100% used [0x00000007d7080000,0x00000007dc280000,0x00000007dc280000)
  from space 11776K, 99% used [0x00000007ddc00000,0x00000007de77fe78,0x00000007de780000)
  to   space 26112K, 99% used [0x00000007dc280000,0x00000007ddbfa200,0x00000007ddc00000)
 ParOldGen       total 91648K, used 91124K [0x0000000785200000, 0x000000078ab80000, 0x00000007d7080000)
  object space 91648K, 99% used [0x0000000785200000,0x000000078aafd1f8,0x000000078ab80000)
 PSPermGen       total 21504K, used 18064K [0x000000077ac00000, 0x000000077c100000, 0x0000000785200000)
  object space 21504K, 84% used [0x000000077ac00000,0x000000077bda41e8,0x000000077c100000)

