# JRE version: OpenJDK Runtime Environment (7.0_79-b14) (build 1.7.0_79-b14)
# Java VM: OpenJDK 64-Bit Server VM (24.79-b02 mixed mode linux-amd64 compressed oops)
Heap
 PSYoungGen      total 221184K, used 0K [0x00000007d7080000, 0x00000007e9680000, 0x0000000800000000)
  eden space 160256K, 0% used [0x00000007d7080000,0x00000007d7080000,0x00000007e0d00000)
  from space 60928K, 0% used [0x00000007e0d00000,0x00000007e0d00000,0x00000007e4880000)
  to   space 59392K, 0% used [0x00000007e5c80000,0x00000007e5c80000,0x00000007e9680000)
 ParOldGen       total 179712K, used 158171K [0x0000000785200000, 0x0000000790180000, 0x00000007d7080000)
  object space 179712K, 88% used [0x0000000785200000,0x000000078ec76db8,0x0000000790180000)
 PSPermGen       total 36352K, used 19149K [0x000000077ac00000, 0x000000077cf80000, 0x0000000785200000)
  object space 36352K, 52% used [0x000000077ac00000,0x000000077beb37a8,0x000000077cf80000)
GC Heap History (10 events):
Event: 6.182 GC heap after
Heap after GC invocations=8 (full 0):
 PSYoungGen      total 125440K, used 8182K [0x00000007d7080000, 0x00000007e0f80000, 0x0000000800000000)
  eden space 117248K, 0% used [0x00000007d7080000,0x00000007d7080000,0x00000007de300000)
  from space 8192K, 99% used [0x00000007df480000,0x00000007dfc7d8d8,0x00000007dfc80000)
  to   space 17920K, 0% used [0x00000007de300000,0x00000007de300000,0x00000007df480000)
 ParOldGen       total 83456K, used 26880K [0x0000000785200000, 0x000000078a380000, 0x00000007d7080000)
  object space 83456K, 32% used [0x0000000785200000,0x0000000786c40300,0x000000078a380000)
 PSPermGen       total 21504K, used 18016K [0x000000077ac00000, 0x000000077c100000, 0x0000000785200000)
  object space 21504K, 83% used [0x000000077ac00000,0x000000077bd981d8,0x000000077c100000)
}
Event: 8.627 GC heap before
{Heap before GC invocations=9 (full 0):
 PSYoungGen      total 125440K, used 125430K [0x00000007d7080000, 0x00000007e0f80000, 0x0000000800000000)
  eden space 117248K, 100% used [0x00000007d7080000,0x00000007de300000,0x00000007de300000)
  from space 8192K, 99% used [0x00000007df480000,0x00000007dfc7d8d8,0x00000007dfc80000)
  to   space 17920K, 0% used [0x00000007de300000,0x00000007de300000,0x00000007df480000)
 ParOldGen       total 83456K, used 26880K [0x0000000785200000, 0x000000078a380000, 0x00000007d7080000)
  object space 83456K, 32% used [0x0000000785200000,0x0000000786c40300,0x000000078a380000)
 PSPermGen       total 21504K, used 18058K [0x000000077ac00000, 0x000000077c100000, 0x0000000785200000)
  object space 21504K, 83% used [0x000000077ac00000,0x000000077bda2bd0,0x000000077c100000)
Event: 8.719 GC heap after
Heap after GC invocations=9 (full 0):
 PSYoungGen      total 135168K, used 17908K [0x00000007d7080000, 0x00000007e8400000, 0x0000000800000000)
  eden space 117248K, 0% used [0x00000007d7080000,0x00000007d7080000,0x00000007de300000)
  from space 17920K, 99% used [0x00000007de300000,0x00000007df47d198,0x00000007df480000)
  to   space 47104K, 0% used [0x00000007e5600000,0x00000007e5600000,0x00000007e8400000)
 ParOldGen       total 92160K, used 91822K [0x0000000785200000, 0x000000078ac00000, 0x00000007d7080000)
  object space 92160K, 99% used [0x0000000785200000,0x000000078abab968,0x000000078ac00000)
 PSPermGen       total 21504K, used 18058K [0x000000077ac00000, 0x000000077c100000, 0x0000000785200000)
  object space 21504K, 83% used [0x000000077ac00000,0x000000077bda2bd0,0x000000077c100000)
}
Event: 8.719 GC heap before
{Heap before GC invocations=10 (full 1):
 PSYoungGen      total 135168K, used 17908K [0x00000007d7080000, 0x00000007e8400000, 0x0000000800000000)
  eden space 117248K, 0% used [0x00000007d7080000,0x00000007d7080000,0x00000007de300000)
  from space 17920K, 99% used [0x00000007de300000,0x00000007df47d198,0x00000007df480000)
  to   space 47104K, 0% used [0x00000007e5600000,0x00000007e5600000,0x00000007e8400000)
 ParOldGen       total 92160K, used 91822K [0x0000000785200000, 0x000000078ac00000, 0x00000007d7080000)
  object space 92160K, 99% used [0x0000000785200000,0x000000078abab968,0x000000078ac00000)
 PSPermGen       total 21504K, used 18058K [0x000000077ac00000, 0x000000077c100000, 0x0000000785200000)
  object space 21504K, 83% used [0x000000077ac00000,0x000000077bda2bd0,0x000000077c100000)
Event: 9.147 GC heap after
Heap after GC invocations=10 (full 1):
 PSYoungGen      total 135168K, used 8574K [0x00000007d7080000, 0x00000007e8400000, 0x0000000800000000)
  eden space 117248K, 0% used [0x00000007d7080000,0x00000007d7080000,0x00000007de300000)
  from space 17920K, 47% used [0x00000007de300000,0x00000007deb5f948,0x00000007df480000)
  to   space 47104K, 0% used [0x00000007e5600000,0x00000007e5600000,0x00000007e8400000)
 ParOldGen       total 179712K, used 91908K [0x0000000785200000, 0x0000000790180000, 0x00000007d7080000)
  object space 179712K, 51% used [0x0000000785200000,0x000000078abc12e8,0x0000000790180000)
 PSPermGen       total 36352K, used 18048K [0x000000077ac00000, 0x000000077cf80000, 0x0000000785200000)
  object space 36352K, 49% used [0x000000077ac00000,0x000000077bda0310,0x000000077cf80000)
}
Event: 11.508 GC heap before
{Heap before GC invocations=11 (full 1):
 PSYoungGen      total 135168K, used 125822K [0x00000007d7080000, 0x00000007e8400000, 0x0000000800000000)
  eden space 117248K, 100% used [0x00000007d7080000,0x00000007de300000,0x00000007de300000)
  from space 17920K, 47% used [0x00000007de300000,0x00000007deb5f948,0x00000007df480000)
  to   space 47104K, 0% used [0x00000007e5600000,0x00000007e5600000,0x00000007e8400000)
 ParOldGen       total 179712K, used 91908K [0x0000000785200000, 0x0000000790180000, 0x00000007d7080000)
  object space 179712K, 51% used [0x0000000785200000,0x000000078abc12e8,0x0000000790180000)
 PSPermGen       total 36352K, used 18450K [0x000000077ac00000, 0x000000077cf80000, 0x0000000785200000)
  object space 36352K, 50% used [0x000000077ac00000,0x000000077be04b38,0x000000077cf80000)
Event: 11.672 GC heap after
Heap after GC invocations=11 (full 1):
 PSYoungGen      total 193536K, used 47082K [0x00000007d7080000, 0x00000007e8400000, 0x0000000800000000)
  eden space 146432K, 0% used [0x00000007d7080000,0x00000007d7080000,0x00000007dff80000)
  from space 47104K, 99% used [0x00000007e5600000,0x00000007e83fa810,0x00000007e8400000)
  to   space 60928K, 0% used [0x00000007e0d00000,0x00000007e0d00000,0x00000007e4880000)
 ParOldGen       total 179712K, used 107392K [0x0000000785200000, 0x0000000790180000, 0x00000007d7080000)
  object space 179712K, 59% used [0x0000000785200000,0x000000078bae01a8,0x0000000790180000)
 PSPermGen       total 36352K, used 18450K [0x000000077ac00000, 0x000000077cf80000, 0x0000000785200000)
  object space 36352K, 50% used [0x000000077ac00000,0x000000077be04b38,0x000000077cf80000)
}
Event: 14.921 GC heap before
{Heap before GC invocations=12 (full 1):
 PSYoungGen      total 193536K, used 193514K [0x00000007d7080000, 0x00000007e8400000, 0x0000000800000000)
  eden space 146432K, 100% used [0x00000007d7080000,0x00000007dff80000,0x00000007dff80000)
  from space 47104K, 99% used [0x00000007e5600000,0x00000007e83fa810,0x00000007e8400000)
  to   space 60928K, 0% used [0x00000007e0d00000,0x00000007e0d00000,0x00000007e4880000)
 ParOldGen       total 179712K, used 107392K [0x0000000785200000, 0x0000000790180000, 0x00000007d7080000)
  object space 179712K, 59% used [0x0000000785200000,0x000000078bae01a8,0x0000000790180000)
 PSPermGen       total 36352K, used 19154K [0x000000077ac00000, 0x000000077cf80000, 0x0000000785200000)
  object space 36352K, 52% used [0x000000077ac00000,0x000000077beb4ac8,0x000000077cf80000)
Event: 15.015 GC heap after
Heap after GC invocations=12 (full 1):
 PSYoungGen      total 221184K, used 8373K [0x00000007d7080000, 0x00000007e9680000, 0x0000000800000000)
  eden space 160256K, 0% used [0x00000007d7080000,0x00000007d7080000,0x00000007e0d00000)
  from space 60928K, 13% used [0x00000007e0d00000,0x00000007e152d460,0x00000007e4880000)
  to   space 59392K, 0% used [0x00000007e5c80000,0x00000007e5c80000,0x00000007e9680000)
 ParOldGen       total 179712K, used 153999K [0x0000000785200000, 0x0000000790180000, 0x00000007d7080000)
  object space 179712K, 85% used [0x0000000785200000,0x000000078e863e68,0x0000000790180000)
 PSPermGen       total 36352K, used 19154K [0x000000077ac00000, 0x000000077cf80000, 0x0000000785200000)
  object space 36352K, 52% used [0x000000077ac00000,0x000000077beb4ac8,0x000000077cf80000)
}
Event: 15.015 GC heap before
{Heap before GC invocations=13 (full 2):
 PSYoungGen      total 221184K, used 8373K [0x00000007d7080000, 0x00000007e9680000, 0x0000000800000000)
  eden space 160256K, 0% used [0x00000007d7080000,0x00000007d7080000,0x00000007e0d00000)
  from space 60928K, 13% used [0x00000007e0d00000,0x00000007e152d460,0x00000007e4880000)
  to   space 59392K, 0% used [0x00000007e5c80000,0x00000007e5c80000,0x00000007e9680000)
 ParOldGen       total 179712K, used 153999K [0x0000000785200000, 0x0000000790180000, 0x00000007d7080000)
  object space 179712K, 85% used [0x0000000785200000,0x000000078e863e68,0x0000000790180000)
 PSPermGen       total 36352K, used 19154K [0x000000077ac00000, 0x000000077cf80000, 0x0000000785200000)
  object space 36352K, 52% used [0x000000077ac00000,0x000000077beb4ac8,0x000000077cf80000)

