# JRE version: OpenJDK Runtime Environment (7.0_79-b14) (build 1.7.0_79-b14)
# Java VM: OpenJDK 64-Bit Server VM (24.79-b02 mixed mode linux-amd64 compressed oops)
Heap
 PSYoungGen      total 172544K, used 16705K [0x00000007d7080000, 0x00000007e6700000, 0x0000000800000000)
  eden space 125440K, 0% used [0x00000007d7080000,0x00000007d7080000,0x00000007deb00000)
  from space 47104K, 35% used [0x00000007deb00000,0x00000007dfb50560,0x00000007e1900000)
  to   space 53248K, 0% used [0x00000007e3300000,0x00000007e3300000,0x00000007e6700000)
 ParOldGen       total 153088K, used 152782K [0x0000000785200000, 0x000000078e780000, 0x00000007d7080000)
  object space 153088K, 99% used [0x0000000785200000,0x000000078e733900,0x000000078e780000)
 PSPermGen       total 38400K, used 22641K [0x000000077ac00000, 0x000000077d180000, 0x0000000785200000)
  object space 38400K, 58% used [0x000000077ac00000,0x000000077c21c610,0x000000077d180000)
GC Heap History (10 events):
Event: 10.495 GC heap after
Heap after GC invocations=10 (full 0):
 PSYoungGen      total 103936K, used 9706K [0x00000007d7080000, 0x00000007deb80000, 0x0000000800000000)
  eden space 94208K, 0% used [0x00000007d7080000,0x00000007d7080000,0x00000007dcc80000)
  from space 9728K, 99% used [0x00000007dda00000,0x00000007de37a948,0x00000007de380000)
  to   space 13824K, 0% used [0x00000007dcc80000,0x00000007dcc80000,0x00000007dda00000)
 ParOldGen       total 83456K, used 20565K [0x0000000785200000, 0x000000078a380000, 0x00000007d7080000)
  object space 83456K, 24% used [0x0000000785200000,0x0000000786615780,0x000000078a380000)
 PSPermGen       total 21504K, used 18990K [0x000000077ac00000, 0x000000077c100000, 0x0000000785200000)
  object space 21504K, 88% used [0x000000077ac00000,0x000000077be8b828,0x000000077c100000)
}
Event: 14.107 GC heap before
{Heap before GC invocations=11 (full 0):
 PSYoungGen      total 103936K, used 103914K [0x00000007d7080000, 0x00000007deb80000, 0x0000000800000000)
  eden space 94208K, 100% used [0x00000007d7080000,0x00000007dcc80000,0x00000007dcc80000)
  from space 9728K, 99% used [0x00000007dda00000,0x00000007de37a948,0x00000007de380000)
  to   space 13824K, 0% used [0x00000007dcc80000,0x00000007dcc80000,0x00000007dda00000)
 ParOldGen       total 83456K, used 20565K [0x0000000785200000, 0x000000078a380000, 0x00000007d7080000)
  object space 83456K, 24% used [0x0000000785200000,0x0000000786615780,0x000000078a380000)
 PSPermGen       total 21504K, used 19035K [0x000000077ac00000, 0x000000077c100000, 0x0000000785200000)
  object space 21504K, 88% used [0x000000077ac00000,0x000000077be96c98,0x000000077c100000)
Event: 14.270 GC heap after
Heap after GC invocations=11 (full 0):
 PSYoungGen      total 108032K, used 13805K [0x00000007d7080000, 0x00000007e4700000, 0x0000000800000000)
  eden space 94208K, 0% used [0x00000007d7080000,0x00000007d7080000,0x00000007dcc80000)
  from space 13824K, 99% used [0x00000007dcc80000,0x00000007dd9fb4d8,0x00000007dda00000)
  to   space 34304K, 0% used [0x00000007e2580000,0x00000007e2580000,0x00000007e4700000)
 ParOldGen       total 83456K, used 70492K [0x0000000785200000, 0x000000078a380000, 0x00000007d7080000)
  object space 83456K, 84% used [0x0000000785200000,0x00000007896d72c8,0x000000078a380000)
 PSPermGen       total 21504K, used 19035K [0x000000077ac00000, 0x000000077c100000, 0x0000000785200000)
  object space 21504K, 88% used [0x000000077ac00000,0x000000077be96c98,0x000000077c100000)
}
Event: 14.270 GC heap before
{Heap before GC invocations=12 (full 1):
 PSYoungGen      total 108032K, used 13805K [0x00000007d7080000, 0x00000007e4700000, 0x0000000800000000)
  eden space 94208K, 0% used [0x00000007d7080000,0x00000007d7080000,0x00000007dcc80000)
  from space 13824K, 99% used [0x00000007dcc80000,0x00000007dd9fb4d8,0x00000007dda00000)
  to   space 34304K, 0% used [0x00000007e2580000,0x00000007e2580000,0x00000007e4700000)
 ParOldGen       total 83456K, used 70492K [0x0000000785200000, 0x000000078a380000, 0x00000007d7080000)
  object space 83456K, 84% used [0x0000000785200000,0x00000007896d72c8,0x000000078a380000)
 PSPermGen       total 21504K, used 19035K [0x000000077ac00000, 0x000000077c100000, 0x0000000785200000)
  object space 21504K, 88% used [0x000000077ac00000,0x000000077be96c98,0x000000077c100000)
Event: 15.086 GC heap after
Heap after GC invocations=12 (full 1):
 PSYoungGen      total 108032K, used 0K [0x00000007d7080000, 0x00000007e4700000, 0x0000000800000000)
  eden space 94208K, 0% used [0x00000007d7080000,0x00000007d7080000,0x00000007dcc80000)
  from space 13824K, 0% used [0x00000007dcc80000,0x00000007dcc80000,0x00000007dda00000)
  to   space 34304K, 0% used [0x00000007e2580000,0x00000007e2580000,0x00000007e4700000)
 ParOldGen       total 153088K, used 76649K [0x0000000785200000, 0x000000078e780000, 0x00000007d7080000)
  object space 153088K, 50% used [0x0000000785200000,0x0000000789cda610,0x000000078e780000)
 PSPermGen       total 38400K, used 19024K [0x000000077ac00000, 0x000000077d180000, 0x0000000785200000)
  object space 38400K, 49% used [0x000000077ac00000,0x000000077be94080,0x000000077d180000)
}
Event: 17.354 GC heap before
{Heap before GC invocations=13 (full 1):
 PSYoungGen      total 108032K, used 94208K [0x00000007d7080000, 0x00000007e4700000, 0x0000000800000000)
  eden space 94208K, 100% used [0x00000007d7080000,0x00000007dcc80000,0x00000007dcc80000)
  from space 13824K, 0% used [0x00000007dcc80000,0x00000007dcc80000,0x00000007dda00000)
  to   space 34304K, 0% used [0x00000007e2580000,0x00000007e2580000,0x00000007e4700000)
 ParOldGen       total 153088K, used 76649K [0x0000000785200000, 0x000000078e780000, 0x00000007d7080000)
  object space 153088K, 50% used [0x0000000785200000,0x0000000789cda610,0x000000078e780000)
 PSPermGen       total 38400K, used 19144K [0x000000077ac00000, 0x000000077d180000, 0x0000000785200000)
  object space 38400K, 49% used [0x000000077ac00000,0x000000077beb21b0,0x000000077d180000)
Event: 17.534 GC heap after
Heap after GC invocations=13 (full 1):
 PSYoungGen      total 151040K, used 34299K [0x00000007d7080000, 0x00000007e4700000, 0x0000000800000000)
  eden space 116736K, 0% used [0x00000007d7080000,0x00000007d7080000,0x00000007de280000)
  from space 34304K, 99% used [0x00000007e2580000,0x00000007e46fec48,0x00000007e4700000)
  to   space 47104K, 0% used [0x00000007deb00000,0x00000007deb00000,0x00000007e1900000)
 ParOldGen       total 153088K, used 95932K [0x0000000785200000, 0x000000078e780000, 0x00000007d7080000)
  object space 153088K, 62% used [0x0000000785200000,0x000000078afaf178,0x000000078e780000)
 PSPermGen       total 38400K, used 19144K [0x000000077ac00000, 0x000000077d180000, 0x0000000785200000)
  object space 38400K, 49% used [0x000000077ac00000,0x000000077beb21b0,0x000000077d180000)
}
Event: 21.446 GC heap before
{Heap before GC invocations=14 (full 1):
 PSYoungGen      total 151040K, used 151035K [0x00000007d7080000, 0x00000007e4700000, 0x0000000800000000)
  eden space 116736K, 100% used [0x00000007d7080000,0x00000007de280000,0x00000007de280000)
  from space 34304K, 99% used [0x00000007e2580000,0x00000007e46fec48,0x00000007e4700000)
  to   space 47104K, 0% used [0x00000007deb00000,0x00000007deb00000,0x00000007e1900000)
 ParOldGen       total 153088K, used 95932K [0x0000000785200000, 0x000000078e780000, 0x00000007d7080000)
  object space 153088K, 62% used [0x0000000785200000,0x000000078afaf178,0x000000078e780000)
 PSPermGen       total 38400K, used 22643K [0x000000077ac00000, 0x000000077d180000, 0x0000000785200000)
  object space 38400K, 58% used [0x000000077ac00000,0x000000077c21cf08,0x000000077d180000)
Event: 21.638 GC heap after
Heap after GC invocations=14 (full 1):
 PSYoungGen      total 172544K, used 41529K [0x00000007d7080000, 0x00000007e6700000, 0x0000000800000000)
  eden space 125440K, 0% used [0x00000007d7080000,0x00000007d7080000,0x00000007deb00000)
  from space 47104K, 88% used [0x00000007deb00000,0x00000007e138e648,0x00000007e1900000)
  to   space 53248K, 0% used [0x00000007e3300000,0x00000007e3300000,0x00000007e6700000)
 ParOldGen       total 153088K, used 129907K [0x0000000785200000, 0x000000078e780000, 0x00000007d7080000)
  object space 153088K, 84% used [0x0000000785200000,0x000000078d0dcfa8,0x000000078e780000)
 PSPermGen       total 38400K, used 22643K [0x000000077ac00000, 0x000000077d180000, 0x0000000785200000)
  object space 38400K, 58% used [0x000000077ac00000,0x000000077c21cf08,0x000000077d180000)
}
Event: 21.638 GC heap before
{Heap before GC invocations=15 (full 2):
 PSYoungGen      total 172544K, used 41529K [0x00000007d7080000, 0x00000007e6700000, 0x0000000800000000)
  eden space 125440K, 0% used [0x00000007d7080000,0x00000007d7080000,0x00000007deb00000)
  from space 47104K, 88% used [0x00000007deb00000,0x00000007e138e648,0x00000007e1900000)
  to   space 53248K, 0% used [0x00000007e3300000,0x00000007e3300000,0x00000007e6700000)
 ParOldGen       total 153088K, used 129907K [0x0000000785200000, 0x000000078e780000, 0x00000007d7080000)
  object space 153088K, 84% used [0x0000000785200000,0x000000078d0dcfa8,0x000000078e780000)
 PSPermGen       total 38400K, used 22643K [0x000000077ac00000, 0x000000077d180000, 0x0000000785200000)
  object space 38400K, 58% used [0x000000077ac00000,0x000000077c21cf08,0x000000077d180000)

