# JRE version: OpenJDK Runtime Environment (7.0_121) (build 1.7.0_121-b00)
# Java VM: OpenJDK 64-Bit Server VM (24.121-b00 mixed mode linux-amd64 compressed oops)
Heap
 PSYoungGen      total 193024K, used 0K [0x00000007d6e00000, 0x00000007e7c00000, 0x0000000800000000)
  eden space 156160K, 0% used [0x00000007d6e00000,0x00000007d6e00000,0x00000007e0680000)
  from space 36864K, 0% used [0x00000007e5800000,0x00000007e5800000,0x00000007e7c00000)
  to   space 59392K, 0% used [0x00000007e0800000,0x00000007e0800000,0x00000007e4200000)
 ParOldGen       total 156672K, used 151969K [0x0000000784a00000, 0x000000078e300000, 0x00000007d6e00000)
  object space 156672K, 96% used [0x0000000784a00000,0x000000078de68400,0x000000078e300000)
 PSPermGen       total 37376K, used 18553K [0x000000077a400000, 0x000000077c880000, 0x0000000784a00000)
  object space 37376K, 49% used [0x000000077a400000,0x000000077b61e6f8,0x000000077c880000)
GC Heap History (10 events):
Event: 7.732 GC heap after
Heap after GC invocations=7 (full 0):
 PSYoungGen      total 72192K, used 7477K [0x00000007d6e00000, 0x00000007dfd00000, 0x0000000800000000)
  eden space 64512K, 0% used [0x00000007d6e00000,0x00000007d6e00000,0x00000007dad00000)
  from space 7680K, 97% used [0x00000007dad00000,0x00000007db44d7d8,0x00000007db480000)
  to   space 8704K, 0% used [0x00000007df480000,0x00000007df480000,0x00000007dfd00000)
 ParOldGen       total 83968K, used 6500K [0x0000000784a00000, 0x0000000789c00000, 0x00000007d6e00000)
  object space 83968K, 7% used [0x0000000784a00000,0x0000000785059368,0x0000000789c00000)
 PSPermGen       total 21504K, used 14634K [0x000000077a400000, 0x000000077b900000, 0x0000000784a00000)
  object space 21504K, 68% used [0x000000077a400000,0x000000077b24abe0,0x000000077b900000)
}
Event: 8.342 GC heap before
{Heap before GC invocations=8 (full 0):
 PSYoungGen      total 72192K, used 71982K [0x00000007d6e00000, 0x00000007dfd00000, 0x0000000800000000)
  eden space 64512K, 99% used [0x00000007d6e00000,0x00000007dacfe280,0x00000007dad00000)
  from space 7680K, 97% used [0x00000007dad00000,0x00000007db44d7d8,0x00000007db480000)
  to   space 8704K, 0% used [0x00000007df480000,0x00000007df480000,0x00000007dfd00000)
 ParOldGen       total 83968K, used 6500K [0x0000000784a00000, 0x0000000789c00000, 0x00000007d6e00000)
  object space 83968K, 7% used [0x0000000784a00000,0x0000000785059368,0x0000000789c00000)
 PSPermGen       total 21504K, used 18111K [0x000000077a400000, 0x000000077b900000, 0x0000000784a00000)
  object space 21504K, 84% used [0x000000077a400000,0x000000077b5afc58,0x000000077b900000)
Event: 8.355 GC heap after
Heap after GC invocations=8 (full 0):
 PSYoungGen      total 135168K, used 8690K [0x00000007d6e00000, 0x00000007e0200000, 0x0000000800000000)
  eden space 126464K, 0% used [0x00000007d6e00000,0x00000007d6e00000,0x00000007de980000)
  from space 8704K, 99% used [0x00000007df480000,0x00000007dfcfcb50,0x00000007dfd00000)
  to   space 11264K, 0% used [0x00000007de980000,0x00000007de980000,0x00000007df480000)
 ParOldGen       total 83968K, used 11284K [0x0000000784a00000, 0x0000000789c00000, 0x00000007d6e00000)
  object space 83968K, 13% used [0x0000000784a00000,0x0000000785505340,0x0000000789c00000)
 PSPermGen       total 21504K, used 18111K [0x000000077a400000, 0x000000077b900000, 0x0000000784a00000)
  object space 21504K, 84% used [0x000000077a400000,0x000000077b5afc58,0x000000077b900000)
}
Event: 12.239 GC heap before
{Heap before GC invocations=9 (full 0):
 PSYoungGen      total 135168K, used 135154K [0x00000007d6e00000, 0x00000007e0200000, 0x0000000800000000)
  eden space 126464K, 100% used [0x00000007d6e00000,0x00000007de980000,0x00000007de980000)
  from space 8704K, 99% used [0x00000007df480000,0x00000007dfcfcb50,0x00000007dfd00000)
  to   space 11264K, 0% used [0x00000007de980000,0x00000007de980000,0x00000007df480000)
 ParOldGen       total 83968K, used 11284K [0x0000000784a00000, 0x0000000789c00000, 0x00000007d6e00000)
  object space 83968K, 13% used [0x0000000784a00000,0x0000000785505340,0x0000000789c00000)
 PSPermGen       total 21504K, used 18441K [0x000000077a400000, 0x000000077b900000, 0x0000000784a00000)
  object space 21504K, 85% used [0x000000077a400000,0x000000077b602490,0x000000077b900000)
Event: 12.323 GC heap after
Heap after GC invocations=9 (full 0):
 PSYoungGen      total 137728K, used 11249K [0x00000007d6e00000, 0x00000007e7c00000, 0x0000000800000000)
  eden space 126464K, 0% used [0x00000007d6e00000,0x00000007d6e00000,0x00000007de980000)
  from space 11264K, 99% used [0x00000007de980000,0x00000007df47c558,0x00000007df480000)
  to   space 36864K, 0% used [0x00000007e5800000,0x00000007e5800000,0x00000007e7c00000)
 ParOldGen       total 83968K, used 70764K [0x0000000784a00000, 0x0000000789c00000, 0x00000007d6e00000)
  object space 83968K, 84% used [0x0000000784a00000,0x0000000788f1b1f8,0x0000000789c00000)
 PSPermGen       total 21504K, used 18441K [0x000000077a400000, 0x000000077b900000, 0x0000000784a00000)
  object space 21504K, 85% used [0x000000077a400000,0x000000077b602490,0x000000077b900000)
}
Event: 12.336 GC heap before
{Heap before GC invocations=10 (full 1):
 PSYoungGen      total 137728K, used 11249K [0x00000007d6e00000, 0x00000007e7c00000, 0x0000000800000000)
  eden space 126464K, 0% used [0x00000007d6e00000,0x00000007d6e00000,0x00000007de980000)
  from space 11264K, 99% used [0x00000007de980000,0x00000007df47c558,0x00000007df480000)
  to   space 36864K, 0% used [0x00000007e5800000,0x00000007e5800000,0x00000007e7c00000)
 ParOldGen       total 83968K, used 70764K [0x0000000784a00000, 0x0000000789c00000, 0x00000007d6e00000)
  object space 83968K, 84% used [0x0000000784a00000,0x0000000788f1b1f8,0x0000000789c00000)
 PSPermGen       total 21504K, used 18441K [0x000000077a400000, 0x000000077b900000, 0x0000000784a00000)
  object space 21504K, 85% used [0x000000077a400000,0x000000077b602490,0x000000077b900000)
Event: 12.736 GC heap after
Heap after GC invocations=10 (full 1):
 PSYoungGen      total 137728K, used 0K [0x00000007d6e00000, 0x00000007e7c00000, 0x0000000800000000)
  eden space 126464K, 0% used [0x00000007d6e00000,0x00000007d6e00000,0x00000007de980000)
  from space 11264K, 0% used [0x00000007de980000,0x00000007de980000,0x00000007df480000)
  to   space 36864K, 0% used [0x00000007e5800000,0x00000007e5800000,0x00000007e7c00000)
 ParOldGen       total 156672K, used 75639K [0x0000000784a00000, 0x000000078e300000, 0x00000007d6e00000)
  object space 156672K, 48% used [0x0000000784a00000,0x00000007893ddfd8,0x000000078e300000)
 PSPermGen       total 37376K, used 18429K [0x000000077a400000, 0x000000077c880000, 0x0000000784a00000)
  object space 37376K, 49% used [0x000000077a400000,0x000000077b5ff4d0,0x000000077c880000)
}
Event: 17.121 GC heap before
{Heap before GC invocations=11 (full 1):
 PSYoungGen      total 137728K, used 126464K [0x00000007d6e00000, 0x00000007e7c00000, 0x0000000800000000)
  eden space 126464K, 100% used [0x00000007d6e00000,0x00000007de980000,0x00000007de980000)
  from space 11264K, 0% used [0x00000007de980000,0x00000007de980000,0x00000007df480000)
  to   space 36864K, 0% used [0x00000007e5800000,0x00000007e5800000,0x00000007e7c00000)
 ParOldGen       total 156672K, used 75639K [0x0000000784a00000, 0x000000078e300000, 0x00000007d6e00000)
  object space 156672K, 48% used [0x0000000784a00000,0x00000007893ddfd8,0x000000078e300000)
 PSPermGen       total 37376K, used 18553K [0x000000077a400000, 0x000000077c880000, 0x0000000784a00000)
  object space 37376K, 49% used [0x000000077a400000,0x000000077b61e778,0x000000077c880000)
Event: 17.247 GC heap after
Heap after GC invocations=11 (full 1):
 PSYoungGen      total 193024K, used 36862K [0x00000007d6e00000, 0x00000007e7c00000, 0x0000000800000000)
  eden space 156160K, 0% used [0x00000007d6e00000,0x00000007d6e00000,0x00000007e0680000)
  from space 36864K, 99% used [0x00000007e5800000,0x00000007e7bff810,0x00000007e7c00000)
  to   space 59392K, 0% used [0x00000007e0800000,0x00000007e0800000,0x00000007e4200000)
 ParOldGen       total 156672K, used 119915K [0x0000000784a00000, 0x000000078e300000, 0x00000007d6e00000)
  object space 156672K, 76% used [0x0000000784a00000,0x000000078bf1aec8,0x000000078e300000)
 PSPermGen       total 37376K, used 18553K [0x000000077a400000, 0x000000077c880000, 0x0000000784a00000)
  object space 37376K, 49% used [0x000000077a400000,0x000000077b61e778,0x000000077c880000)
}
Event: 17.247 GC heap before
{Heap before GC invocations=12 (full 2):
 PSYoungGen      total 193024K, used 36862K [0x00000007d6e00000, 0x00000007e7c00000, 0x0000000800000000)
  eden space 156160K, 0% used [0x00000007d6e00000,0x00000007d6e00000,0x00000007e0680000)
  from space 36864K, 99% used [0x00000007e5800000,0x00000007e7bff810,0x00000007e7c00000)
  to   space 59392K, 0% used [0x00000007e0800000,0x00000007e0800000,0x00000007e4200000)
 ParOldGen       total 156672K, used 119915K [0x0000000784a00000, 0x000000078e300000, 0x00000007d6e00000)
  object space 156672K, 76% used [0x0000000784a00000,0x000000078bf1aec8,0x000000078e300000)
 PSPermGen       total 37376K, used 18553K [0x000000077a400000, 0x000000077c880000, 0x0000000784a00000)
  object space 37376K, 49% used [0x000000077a400000,0x000000077b61e778,0x000000077c880000)

