# JRE version: OpenJDK Runtime Environment (7.0_79-b14) (build 1.7.0_79-b14)
# Java VM: OpenJDK 64-Bit Server VM (24.79-b02 mixed mode linux-amd64 compressed oops)
Heap
 PSYoungGen      total 222720K, used 0K [0x00000007d7080000, 0x00000007e9480000, 0x0000000800000000)
  eden space 163328K, 0% used [0x00000007d7080000,0x00000007d7080000,0x00000007e1000000)
  from space 59392K, 0% used [0x00000007e1000000,0x00000007e1000000,0x00000007e4a00000)
  to   space 57856K, 0% used [0x00000007e5c00000,0x00000007e5c00000,0x00000007e9480000)
 ParOldGen       total 178176K, used 158293K [0x0000000785200000, 0x0000000790000000, 0x00000007d7080000)
  object space 178176K, 88% used [0x0000000785200000,0x000000078ec957a8,0x0000000790000000)
 PSPermGen       total 36352K, used 19150K [0x000000077ac00000, 0x000000077cf80000, 0x0000000785200000)
  object space 36352K, 52% used [0x000000077ac00000,0x000000077beb3908,0x000000077cf80000)
GC Heap History (10 events):
Event: 7.503 GC heap after
Heap after GC invocations=8 (full 0):
 PSYoungGen      total 128000K, used 8170K [0x00000007d7080000, 0x00000007e0780000, 0x0000000800000000)
  eden space 119808K, 0% used [0x00000007d7080000,0x00000007d7080000,0x00000007de580000)
  from space 8192K, 99% used [0x00000007df380000,0x00000007dfb7a818,0x00000007dfb80000)
  to   space 14336K, 0% used [0x00000007de580000,0x00000007de580000,0x00000007df380000)
 ParOldGen       total 83456K, used 18383K [0x0000000785200000, 0x000000078a380000, 0x00000007d7080000)
  object space 83456K, 22% used [0x0000000785200000,0x00000007863f3d70,0x000000078a380000)
 PSPermGen       total 21504K, used 17989K [0x000000077ac00000, 0x000000077c100000, 0x0000000785200000)
  object space 21504K, 83% used [0x000000077ac00000,0x000000077bd914d0,0x000000077c100000)
}
Event: 10.519 GC heap before
{Heap before GC invocations=9 (full 0):
 PSYoungGen      total 128000K, used 127978K [0x00000007d7080000, 0x00000007e0780000, 0x0000000800000000)
  eden space 119808K, 100% used [0x00000007d7080000,0x00000007de580000,0x00000007de580000)
  from space 8192K, 99% used [0x00000007df380000,0x00000007dfb7a818,0x00000007dfb80000)
  to   space 14336K, 0% used [0x00000007de580000,0x00000007de580000,0x00000007df380000)
 ParOldGen       total 83456K, used 18383K [0x0000000785200000, 0x000000078a380000, 0x00000007d7080000)
  object space 83456K, 22% used [0x0000000785200000,0x00000007863f3d70,0x000000078a380000)
 PSPermGen       total 21504K, used 18064K [0x000000077ac00000, 0x000000077c100000, 0x0000000785200000)
  object space 21504K, 84% used [0x000000077ac00000,0x000000077bda4360,0x000000077c100000)
Event: 10.637 GC heap after
Heap after GC invocations=9 (full 0):
 PSYoungGen      total 134144K, used 14305K [0x00000007d7080000, 0x00000007e8400000, 0x0000000800000000)
  eden space 119808K, 0% used [0x00000007d7080000,0x00000007d7080000,0x00000007de580000)
  from space 14336K, 99% used [0x00000007de580000,0x00000007df378648,0x00000007df380000)
  to   space 45056K, 0% used [0x00000007e5800000,0x00000007e5800000,0x00000007e8400000)
 ParOldGen       total 89600K, used 88675K [0x0000000785200000, 0x000000078a980000, 0x00000007d7080000)
  object space 89600K, 98% used [0x0000000785200000,0x000000078a898f68,0x000000078a980000)
 PSPermGen       total 21504K, used 18064K [0x000000077ac00000, 0x000000077c100000, 0x0000000785200000)
  object space 21504K, 84% used [0x000000077ac00000,0x000000077bda4360,0x000000077c100000)
}
Event: 10.637 GC heap before
{Heap before GC invocations=10 (full 1):
 PSYoungGen      total 134144K, used 14305K [0x00000007d7080000, 0x00000007e8400000, 0x0000000800000000)
  eden space 119808K, 0% used [0x00000007d7080000,0x00000007d7080000,0x00000007de580000)
  from space 14336K, 99% used [0x00000007de580000,0x00000007df378648,0x00000007df380000)
  to   space 45056K, 0% used [0x00000007e5800000,0x00000007e5800000,0x00000007e8400000)
 ParOldGen       total 89600K, used 88675K [0x0000000785200000, 0x000000078a980000, 0x00000007d7080000)
  object space 89600K, 98% used [0x0000000785200000,0x000000078a898f68,0x000000078a980000)
 PSPermGen       total 21504K, used 18064K [0x000000077ac00000, 0x000000077c100000, 0x0000000785200000)
  object space 21504K, 84% used [0x000000077ac00000,0x000000077bda4360,0x000000077c100000)
Event: 11.201 GC heap after
Heap after GC invocations=10 (full 1):
 PSYoungGen      total 134144K, used 4836K [0x00000007d7080000, 0x00000007e8400000, 0x0000000800000000)
  eden space 119808K, 0% used [0x00000007d7080000,0x00000007d7080000,0x00000007de580000)
  from space 14336K, 33% used [0x00000007de580000,0x00000007dea392e0,0x00000007df380000)
  to   space 45056K, 0% used [0x00000007e5800000,0x00000007e5800000,0x00000007e8400000)
 ParOldGen       total 178176K, used 89325K [0x0000000785200000, 0x0000000790000000, 0x00000007d7080000)
  object space 178176K, 50% used [0x0000000785200000,0x000000078a93b5f8,0x0000000790000000)
 PSPermGen       total 36352K, used 18053K [0x000000077ac00000, 0x000000077cf80000, 0x0000000785200000)
  object space 36352K, 49% used [0x000000077ac00000,0x000000077bda1700,0x000000077cf80000)
}
Event: 13.785 GC heap before
{Heap before GC invocations=11 (full 1):
 PSYoungGen      total 134144K, used 124644K [0x00000007d7080000, 0x00000007e8400000, 0x0000000800000000)
  eden space 119808K, 100% used [0x00000007d7080000,0x00000007de580000,0x00000007de580000)
  from space 14336K, 33% used [0x00000007de580000,0x00000007dea392e0,0x00000007df380000)
  to   space 45056K, 0% used [0x00000007e5800000,0x00000007e5800000,0x00000007e8400000)
 ParOldGen       total 178176K, used 89325K [0x0000000785200000, 0x0000000790000000, 0x00000007d7080000)
  object space 178176K, 50% used [0x0000000785200000,0x000000078a93b5f8,0x0000000790000000)
 PSPermGen       total 36352K, used 18387K [0x000000077ac00000, 0x000000077cf80000, 0x0000000785200000)
  object space 36352K, 50% used [0x000000077ac00000,0x000000077bdf4e38,0x000000077cf80000)
Event: 14.019 GC heap after
Heap after GC invocations=11 (full 1):
 PSYoungGen      total 194048K, used 45028K [0x00000007d7080000, 0x00000007e8400000, 0x0000000800000000)
  eden space 148992K, 0% used [0x00000007d7080000,0x00000007d7080000,0x00000007e0200000)
  from space 45056K, 99% used [0x00000007e5800000,0x00000007e83f9158,0x00000007e8400000)
  to   space 59392K, 0% used [0x00000007e1000000,0x00000007e1000000,0x00000007e4a00000)
 ParOldGen       total 178176K, used 108118K [0x0000000785200000, 0x0000000790000000, 0x00000007d7080000)
  object space 178176K, 60% used [0x0000000785200000,0x000000078bb95a28,0x0000000790000000)
 PSPermGen       total 36352K, used 18387K [0x000000077ac00000, 0x000000077cf80000, 0x0000000785200000)
  object space 36352K, 50% used [0x000000077ac00000,0x000000077bdf4e38,0x000000077cf80000)
}
Event: 17.307 GC heap before
{Heap before GC invocations=12 (full 1):
 PSYoungGen      total 194048K, used 194020K [0x00000007d7080000, 0x00000007e8400000, 0x0000000800000000)
  eden space 148992K, 100% used [0x00000007d7080000,0x00000007e0200000,0x00000007e0200000)
  from space 45056K, 99% used [0x00000007e5800000,0x00000007e83f9158,0x00000007e8400000)
  to   space 59392K, 0% used [0x00000007e1000000,0x00000007e1000000,0x00000007e4a00000)
 ParOldGen       total 178176K, used 108118K [0x0000000785200000, 0x0000000790000000, 0x00000007d7080000)
  object space 178176K, 60% used [0x0000000785200000,0x000000078bb95a28,0x0000000790000000)
 PSPermGen       total 36352K, used 19155K [0x000000077ac00000, 0x000000077cf80000, 0x0000000785200000)
  object space 36352K, 52% used [0x000000077ac00000,0x000000077beb4e28,0x000000077cf80000)
Event: 17.386 GC heap after
Heap after GC invocations=12 (full 1):
 PSYoungGen      total 222720K, used 9691K [0x00000007d7080000, 0x00000007e9480000, 0x0000000800000000)
  eden space 163328K, 0% used [0x00000007d7080000,0x00000007d7080000,0x00000007e1000000)
  from space 59392K, 16% used [0x00000007e1000000,0x00000007e1976c50,0x00000007e4a00000)
  to   space 57856K, 0% used [0x00000007e5c00000,0x00000007e5c00000,0x00000007e9480000)
 ParOldGen       total 178176K, used 152769K [0x0000000785200000, 0x0000000790000000, 0x00000007d7080000)
  object space 178176K, 85% used [0x0000000785200000,0x000000078e7307f0,0x0000000790000000)
 PSPermGen       total 36352K, used 19155K [0x000000077ac00000, 0x000000077cf80000, 0x0000000785200000)
  object space 36352K, 52% used [0x000000077ac00000,0x000000077beb4e28,0x000000077cf80000)
}
Event: 17.386 GC heap before
{Heap before GC invocations=13 (full 2):
 PSYoungGen      total 222720K, used 9691K [0x00000007d7080000, 0x00000007e9480000, 0x0000000800000000)
  eden space 163328K, 0% used [0x00000007d7080000,0x00000007d7080000,0x00000007e1000000)
  from space 59392K, 16% used [0x00000007e1000000,0x00000007e1976c50,0x00000007e4a00000)
  to   space 57856K, 0% used [0x00000007e5c00000,0x00000007e5c00000,0x00000007e9480000)
 ParOldGen       total 178176K, used 152769K [0x0000000785200000, 0x0000000790000000, 0x00000007d7080000)
  object space 178176K, 85% used [0x0000000785200000,0x000000078e7307f0,0x0000000790000000)
 PSPermGen       total 36352K, used 19155K [0x000000077ac00000, 0x000000077cf80000, 0x0000000785200000)
  object space 36352K, 52% used [0x000000077ac00000,0x000000077beb4e28,0x000000077cf80000)

